=== Veins V2X MAC Layer Log ===
Node: ship[0]
Start Time: 0.000000
QCA Security: Enabled
CA System: Enabled
================================
[0.000000] [INFO] [INIT] Node initialized - MAC:171 QCA:ON CA:ON
[0.040088] [INFO] [MESSAGE] BROADCAST_RX from 181 - Received broadcast message from 181
[0.040088] [INFO] [MESSAGE] SECURITY_CHECK from 181 - Security check - Node QCA:ON CA:ON, Message QCA:YES CA:NO
[0.040088] [INFO] [SECURITY] QCA_VERIFY - SUCCESS - QCA verification SUCCESS for message from 181
[0.040088] [WARN] [SECURITY] CA_VERIFY - FAILED - CA verification FAILED - Node expects CA but message has no CA header from 181
[0.040088] [INFO] [MESSAGE] BROADCAST_DROP from 181 - Security verification failed - QCA: PASS, CA: FAIL
[0.240511] [INFO] [MESSAGE] BROADCAST_RX from 206 - Received broadcast message from 206
[0.240511] [INFO] [MESSAGE] SECURITY_CHECK from 206 - Security check - Node QCA:ON CA:ON, Message QCA:NO CA:NO
[0.240511] [WARN] [SECURITY] QCA_VERIFY - FAILED - QCA verification FAILED - Node expects QCA but message has no QCA header from 206
[0.240511] [WARN] [SECURITY] CA_VERIFY - FAILED - CA verification FAILED - Node expects CA but message has no CA header from 206
[0.240511] [INFO] [MESSAGE] BROADCAST_DROP from 206 - Security verification failed - QCA: FAIL, CA: FAIL

=== Final Statistics ===
Simulation Duration: 0 seconds
Total Messages Processed: 2
Total Security Checks: 2
QCA Checks: 2
CA Checks: 2
QCA Verification Success: 0
QCA Verification Failed: 0
CA Verification Success: 0
CA Verification Failed: 0
CA Certificate Requests: 0
CA Certificates Issued: 1
========================
=== Log End at 0.754926 ===
