=== Veins V2X MAC Layer Log ===
Node: port[1]
Start Time: 0.000000
QCA Security: Enabled
CA System: Disabled
================================
[0.000000] [INFO] [INIT] Node initialized - MAC:236 QCA:ON CA:OFF
[0.240510] [INFO] [MESSAGE] BROADCAST_RX from 206 - Received broadcast message from 206
[0.240510] [INFO] [MESSAGE] SECURITY_CHECK from 206 - Security check - Node QCA:ON CA:OFF, Message QCA:NO CA:NO
[0.240510] [WARN] [SECURITY] QCA_VERIFY - FAILED - QCA verification FAILED - Node expects QCA but message has no QCA header from 206
[0.240510] [INFO] [SECURITY] CA_VERIFY - SUCCESS - CA verification SKIPPED - Neither node nor message uses CA from 206
[0.240510] [INFO] [MESSAGE] BROADCAST_DROP from 206 - Security verification failed - QCA: FAIL, CA: PASS
[0.635966] [INFO] [MESSAGE] UPPER_MSG from Application - Sending message: , Channel: 178, Priority: 7, MAC: 236
[0.635966] [INFO] [SECURITY] QCA_SIGN - SUCCESS - Adding QCA security header to message: 

=== Final Statistics ===
Simulation Duration: 0 seconds
Total Messages Processed: 2
Total Security Checks: 2
QCA Checks: 2
CA Checks: 1
QCA Verification Success: 0
QCA Verification Failed: 0
CA Verification Success: 0
CA Verification Failed: 0
CA Certificate Requests: 0
CA Certificates Issued: 0
========================
=== Log End at 0.754926 ===
