=== Veins V2X MAC Layer Log ===
Node: vehicle[7]
Start Time: 0.000000
QCA Security: Disabled
CA System: Enabled
================================
[0.000000] [INFO] [INIT] Node initialized - MAC:86 QCA:OFF CA:ON
[0.096206] [INFO] [MESSAGE] BROADCAST_RX from 126 - Received broadcast message from 126
[0.096206] [INFO] [MESSAGE] SECURITY_CHECK from 126 - Security check - Node QCA:OFF CA:ON, Message QCA:NO CA:NO
[0.096206] [INFO] [SECURITY] QCA_VERIFY - SUCCESS - QCA verification SKIPPED - Neither node nor message uses QCA from 126
[0.096206] [WARN] [SECURITY] CA_VERIFY - FAILED - CA verification FAILED - Node expects CA but message has no CA header from 126
[0.096206] [INFO] [MESSAGE] BROADCAST_DROP from 126 - Security verification failed - QCA: PASS, CA: FAIL
[0.138295] [INFO] [MESSAGE] BROADCAST_RX from 66 - Received broadcast message from 66
[0.138295] [INFO] [MESSAGE] SECURITY_CHECK from 66 - Security check - Node QCA:OFF CA:ON, Message QCA:YES CA:NO
[0.138295] [INFO] [SECURITY] QCA_VERIFY - SUCCESS - QCA verification SKIPPED - Node disabled but message has QCA header from 66
[0.138295] [WARN] [SECURITY] CA_VERIFY - FAILED - CA verification FAILED - Node expects CA but message has no CA header from 66
[0.138295] [INFO] [MESSAGE] BROADCAST_DROP from 66 - Security verification failed - QCA: PASS, CA: FAIL
[0.368725] [INFO] [MESSAGE] UPPER_MSG from Application - Sending message: , Channel: 178, Priority: 7, MAC: 86
[0.368725] [INFO] [SECURITY] CA_SIGN - SUCCESS - Adding CA security header to message: 
[0.459229] [INFO] [MESSAGE] BROADCAST_RX from 251 - Received broadcast message from 251
[0.459229] [INFO] [MESSAGE] SECURITY_CHECK from 251 - Security check - Node QCA:OFF CA:ON, Message QCA:YES CA:YES
[0.459229] [INFO] [SECURITY] QCA_VERIFY - SUCCESS - QCA verification SKIPPED - Node disabled but message has QCA header from 251
[0.459229] [INFO] [SECURITY] CA_VERIFY - SUCCESS - CA verification SUCCESS for message from 251
[0.459229] [INFO] [MESSAGE] BROADCAST_FORWARD from 251 - Security verification passed, forwarding to application

=== Final Statistics ===
Simulation Duration: 0 seconds
Total Messages Processed: 4
Total Security Checks: 4
QCA Checks: 3
CA Checks: 4
QCA Verification Success: 0
QCA Verification Failed: 0
CA Verification Success: 1
CA Verification Failed: 0
CA Certificate Requests: 0
CA Certificates Issued: 1
========================
=== Log End at 0.754926 ===
