=== Veins V2X MAC Layer Log ===
Node: drone[3]
Start Time: 0.000000
QCA Security: Enabled
CA System: Disabled
================================
[0.000000] [INFO] [INIT] Node initialized - MAC:146 QCA:ON CA:OFF
[0.234326] [INFO] [MESSAGE] UPPER_MSG from Application - Sending message: , Channel: 178, Priority: 7, MAC: 146
[0.234326] [INFO] [SECURITY] QCA_SIGN - SUCCESS - Adding QCA security header to message: 
[0.734326] [INFO] [MESSAGE] UPPER_MSG from Application - Sending message: , Channel: 178, Priority: 7, MAC: 146
[0.734326] [INFO] [SECURITY] QCA_SIGN - SUCCESS - Adding QCA security header to message: 

=== Final Statistics ===
Simulation Duration: 0.5 seconds
Total Messages Processed: 2
Total Security Checks: 2
QCA Checks: 2
CA Checks: 0
QCA Verification Success: 0
QCA Verification Failed: 0
CA Verification Success: 0
CA Verification Failed: 0
CA Certificate Requests: 0
CA Certificates Issued: 0
========================
=== Log End at 0.754926 ===
