=== Veins V2X MAC Layer Log ===
Node: drone[5]
Start Time: 0.000000
QCA Security: Disabled
CA System: Enabled
================================
[0.000000] [INFO] [INIT] Node initialized - MAC:156 QCA:OFF CA:ON
[0.488381] [INFO] [MESSAGE] UPPER_MSG from Application - Sending message: , Channel: 178, Priority: 7, MAC: 156
[0.488381] [INFO] [SECURITY] CA_SIGN - SUCCESS - Adding CA security header to message: 
[0.622955] [INFO] [MESSAGE] BROADCAST_RX from 111 - Received broadcast message from 111
[0.622955] [INFO] [MESSAGE] SECURITY_CHECK from 111 - Security check - Node QCA:OFF CA:ON, Message QCA:YES CA:YES
[0.622955] [INFO] [SECURITY] QCA_VERIFY - SUCCESS - QCA verification SKIPPED - Node disabled but message has QCA header from 111
[0.622955] [INFO] [SECURITY] CA_VERIFY - SUCCESS - CA verification SUCCESS for message from 111
[0.622955] [INFO] [MESSAGE] BROADCAST_FORWARD from 111 - Security verification passed, forwarding to application

=== Final Statistics ===
Simulation Duration: 0 seconds
Total Messages Processed: 2
Total Security Checks: 2
QCA Checks: 1
CA Checks: 2
QCA Verification Success: 0
QCA Verification Failed: 0
CA Verification Success: 1
CA Verification Failed: 0
CA Certificate Requests: 0
CA Certificates Issued: 1
========================
=== Log End at 0.754926 ===
