=== Veins V2X MAC Layer Log ===
Node: ship[5]
Start Time: 0.000000
QCA Security: Disabled
CA System: Enabled
================================
[0.000000] [INFO] [INIT] Node initialized - MAC:196 QCA:OFF CA:ON
[0.040087] [INFO] [MESSAGE] BROADCAST_RX from 181 - Received broadcast message from 181
[0.040087] [INFO] [MESSAGE] SECURITY_CHECK from 181 - Security check - Node QCA:OFF CA:ON, Message QCA:YES CA:NO
[0.040087] [INFO] [SECURITY] QCA_VERIFY - SUCCESS - QCA verification SKIPPED - Node disabled but message has QCA header from 181
[0.040087] [WARN] [SECURITY] CA_VERIFY - FAILED - CA verification FAILED - Node expects CA but message has no CA header from 181
[0.040087] [INFO] [MESSAGE] BROADCAST_DROP from 181 - Security verification failed - QCA: PASS, CA: FAIL
[0.565614] [INFO] [MESSAGE] UPPER_MSG from Application - Sending message: , Channel: 178, Priority: 7, MAC: 196
[0.565614] [INFO] [SECURITY] CA_SIGN - SUCCESS - Adding CA security header to message: 

=== Final Statistics ===
Simulation Duration: 0 seconds
Total Messages Processed: 2
Total Security Checks: 2
QCA Checks: 1
CA Checks: 2
QCA Verification Success: 0
QCA Verification Failed: 0
CA Verification Success: 0
CA Verification Failed: 0
CA Certificate Requests: 0
CA Certificates Issued: 1
========================
=== Log End at 0.754926 ===
