=== Veins V2X MAC Layer Log ===
Node: vehicle[3]
Start Time: 0.000000
QCA Security: Enabled
CA System: Disabled
================================
[0.000000] [INFO] [INIT] Node initialized - MAC:66 QCA:ON CA:OFF
[0.096206] [INFO] [MESSAGE] BROADCAST_RX from 126 - Received broadcast message from 126
[0.096206] [INFO] [MESSAGE] SECURITY_CHECK from 126 - Security check - Node QCA:ON CA:OFF, Message QCA:NO CA:NO
[0.096206] [WARN] [SECURITY] QCA_VERIFY - FAILED - QCA verification FAILED - Node expects QCA but message has no QCA header from 126
[0.096206] [INFO] [SECURITY] CA_VERIFY - SUCCESS - CA verification SKIPPED - Neither node nor message uses CA from 126
[0.096206] [INFO] [MESSAGE] BROADCAST_DROP from 126 - Security verification failed - QCA: FAIL, CA: PASS
[0.138183] [INFO] [MESSAGE] UPPER_MSG from Application - Sending message: , Channel: 178, Priority: 7, MAC: 66
[0.138183] [INFO] [SECURITY] QCA_SIGN - SUCCESS - Adding QCA security header to message: 
[0.368831] [INFO] [MESSAGE] BROADCAST_RX from 86 - Received broadcast message from 86
[0.368831] [INFO] [MESSAGE] SECURITY_CHECK from 86 - Security check - Node QCA:ON CA:OFF, Message QCA:NO CA:YES
[0.368831] [WARN] [SECURITY] QCA_VERIFY - FAILED - QCA verification FAILED - Node expects QCA but message has no QCA header from 86
[0.368831] [INFO] [SECURITY] CA_VERIFY - SUCCESS - CA verification SKIPPED - Node disabled but message has CA header from 86
[0.368831] [INFO] [MESSAGE] BROADCAST_DROP from 86 - Security verification failed - QCA: FAIL, CA: PASS
[0.459229] [INFO] [MESSAGE] BROADCAST_RX from 251 - Received broadcast message from 251
[0.459229] [INFO] [MESSAGE] SECURITY_CHECK from 251 - Security check - Node QCA:ON CA:OFF, Message QCA:YES CA:YES
[0.459229] [INFO] [SECURITY] QCA_VERIFY - SUCCESS - QCA verification SUCCESS for message from 251
[0.459229] [INFO] [SECURITY] CA_VERIFY - SUCCESS - CA verification SKIPPED - Node disabled but message has CA header from 251
[0.459229] [INFO] [MESSAGE] BROADCAST_FORWARD from 251 - Security verification passed, forwarding to application

=== Final Statistics ===
Simulation Duration: 0 seconds
Total Messages Processed: 4
Total Security Checks: 4
QCA Checks: 4
CA Checks: 3
QCA Verification Success: 0
QCA Verification Failed: 0
CA Verification Success: 0
CA Verification Failed: 0
CA Certificate Requests: 0
CA Certificates Issued: 0
========================
=== Log End at 0.754926 ===
