=== Veins V2X MAC Layer Log ===
Node: vehicle[10]
Start Time: 0.000000
QCA Security: Disabled
CA System: Disabled
================================
[0.000000] [INFO] [INIT] Node initialized - MAC:101 QCA:OFF CA:OFF
[0.013572] [INFO] [MESSAGE] UPPER_MSG from Application - Sending message: , Channel: 178, Priority: 7, MAC: 101

=== Final Statistics ===
Simulation Duration: 0 seconds
Total Messages Processed: 1
Total Security Checks: 0
QCA Checks: 0
CA Checks: 0
QCA Verification Success: 0
QCA Verification Failed: 0
CA Verification Success: 0
CA Verification Failed: 0
CA Certificate Requests: 0
CA Certificates Issued: 0
========================
=== Log End at 0.754926 ===
