=== Veins V2X MAC Layer Log ===
Node: vehicle[0]
Start Time: 0.000000
QCA Security: Enabled
CA System: Enabled
================================
[0.000000] [INFO] [INIT] Node initialized - MAC:51 QCA:ON CA:ON
[0.674752] [INFO] [MESSAGE] UPPER_MSG from Application - Sending message: , Channel: 178, Priority: 7, MAC: 51
[0.674752] [INFO] [SECURITY] QCA_SIGN - SUCCESS - Adding QCA security header to message: 
[0.674752] [INFO] [SECURITY] CA_SIGN - SUCCESS - Adding CA security header to message: 

=== Final Statistics ===
Simulation Duration: 0 seconds
Total Messages Processed: 1
Total Security Checks: 2
QCA Checks: 1
CA Checks: 1
QCA Verification Success: 0
QCA Verification Failed: 0
CA Verification Success: 0
CA Verification Failed: 0
CA Certificate Requests: 0
CA Certificates Issued: 1
========================
=== Log End at 0.754926 ===
