=== Veins V2X MAC Layer Log ===
Node: node[0]
Start Time: 1.000000
QCA Security: Enabled
CA System: Enabled
================================
[1.000000] [INFO] [INIT] Node initialized - MAC:185 QCA:ON CA:ON
[1.743835] [INFO] [MESSAGE] UPPER_MSG from Application - Sending message: , Channel: 178, Priority: 7, MAC: 185
[1.743835] [INFO] [SECURITY] QCA_SIGN - SUCCESS - Adding QCA security header to message: 
[1.743835] [INFO] [SECURITY] CA_SIGN - SUCCESS - Adding CA security header to message: 
[2.743835] [INFO] [MESSAGE] UPPER_MSG from Application - Sending message: , Channel: 178, Priority: 7, MAC: 185
[2.743835] [INFO] [SECURITY] QCA_SIGN - SUCCESS - Adding QCA security header to message: 
[2.743835] [INFO] [SECURITY] CA_SIGN - SUCCESS - Adding CA security header to message: 

=== Final Statistics ===
Simulation Duration: 1 seconds
Total Messages Processed: 2
Total Security Checks: 4
QCA Checks: 2
CA Checks: 2
QCA Verification Success: 0
QCA Verification Failed: 0
CA Verification Success: 0
CA Verification Failed: 0
CA Certificate Requests: 0
CA Certificates Issued: 1
========================
=== Log End at 3.657731 ===
