=== Veins V2X MAC Layer Log ===
Node: vehicle[9]
Start Time: 0.000000
QCA Security: Disabled
CA System: Disabled
================================
[0.000000] [INFO] [INIT] Node initialized - MAC:96 QCA:OFF CA:OFF
[0.138295] [INFO] [MESSAGE] BROADCAST_RX from 66 - Received broadcast message from 66
[0.138295] [INFO] [MESSAGE] SECURITY_CHECK from 66 - Security check - Node QCA:OFF CA:OFF, Message QCA:YES CA:NO
[0.138295] [INFO] [SECURITY] QCA_VERIFY - SUCCESS - QCA verification SKIPPED - Node disabled but message has QCA header from 66
[0.138295] [INFO] [SECURITY] CA_VERIFY - SUCCESS - CA verification SKIPPED - Neither node nor message uses CA from 66
[0.138295] [INFO] [MESSAGE] BROADCAST_FORWARD from 66 - Security verification passed, forwarding to application
[0.368832] [INFO] [MESSAGE] BROADCAST_RX from 86 - Received broadcast message from 86
[0.368832] [INFO] [MESSAGE] SECURITY_CHECK from 86 - Security check - Node QCA:OFF CA:OFF, Message QCA:NO CA:YES
[0.368832] [INFO] [SECURITY] QCA_VERIFY - SUCCESS - QCA verification SKIPPED - Neither node nor message uses QCA from 86
[0.368832] [INFO] [SECURITY] CA_VERIFY - SUCCESS - CA verification SKIPPED - Node disabled but message has CA header from 86
[0.368832] [INFO] [MESSAGE] BROADCAST_FORWARD from 86 - Security verification passed, forwarding to application
[0.459229] [INFO] [MESSAGE] BROADCAST_RX from 251 - Received broadcast message from 251
[0.459229] [INFO] [MESSAGE] SECURITY_CHECK from 251 - Security check - Node QCA:OFF CA:OFF, Message QCA:YES CA:YES
[0.459229] [INFO] [SECURITY] QCA_VERIFY - SUCCESS - QCA verification SKIPPED - Node disabled but message has QCA header from 251
[0.459229] [INFO] [SECURITY] CA_VERIFY - SUCCESS - CA verification SKIPPED - Node disabled but message has CA header from 251
[0.459229] [INFO] [MESSAGE] BROADCAST_FORWARD from 251 - Security verification passed, forwarding to application

=== Final Statistics ===
Simulation Duration: 0 seconds
Total Messages Processed: 3
Total Security Checks: 3
QCA Checks: 3
CA Checks: 3
QCA Verification Success: 0
QCA Verification Failed: 0
CA Verification Success: 0
CA Verification Failed: 0
CA Certificate Requests: 0
CA Certificates Issued: 0
========================
=== Log End at 0.754926 ===
