=== Veins V2X MAC Layer Log ===
Node: vehicle[4]
Start Time: 0.000000
QCA Security: Enabled
CA System: Disabled
================================
[0.000000] [INFO] [INIT] Node initialized - MAC:71 QCA:ON CA:OFF
[0.196698] [INFO] [MESSAGE] BROADCAST_RX from 76 - Received broadcast message from 76
[0.196698] [INFO] [MESSAGE] SECURITY_CHECK from 76 - Security check - Node QCA:ON CA:OFF, Message QCA:YES CA:NO
[0.196698] [INFO] [SECURITY] QCA_VERIFY - SUCCESS - QCA verification SUCCESS for message from 76
[0.196698] [INFO] [SECURITY] CA_VERIFY - SUCCESS - CA verification SKIPPED - Neither node nor message uses CA from 76
[0.196698] [INFO] [MESSAGE] BROADCAST_FORWARD from 76 - Security verification passed, forwarding to application
[0.317312] [INFO] [MESSAGE] BROADCAST_RX from 61 - Received broadcast message from 61
[0.317312] [INFO] [MESSAGE] SECURITY_CHECK from 61 - Security check - Node QCA:ON CA:OFF, Message QCA:YES CA:YES
[0.317312] [INFO] [SECURITY] QCA_VERIFY - SUCCESS - QCA verification SUCCESS for message from 61
[0.317312] [INFO] [SECURITY] CA_VERIFY - SUCCESS - CA verification SKIPPED - Node disabled but message has CA header from 61
[0.317312] [INFO] [MESSAGE] BROADCAST_FORWARD from 61 - Security verification passed, forwarding to application

=== Final Statistics ===
Simulation Duration: 0 seconds
Total Messages Processed: 2
Total Security Checks: 2
QCA Checks: 2
CA Checks: 2
QCA Verification Success: 0
QCA Verification Failed: 0
CA Verification Success: 0
CA Verification Failed: 0
CA Certificate Requests: 0
CA Certificates Issued: 0
========================
=== Log End at 0.754926 ===
