=== Veins V2X MAC Layer Log ===
Node: rsu[3]
Start Time: 0.000000
QCA Security: Disabled
CA System: Disabled
================================
[0.000000] [INFO] [INIT] Node initialized - MAC:126 QCA:OFF CA:OFF
[0.096098] [INFO] [MESSAGE] UPPER_MSG from Application - Sending message: , Channel: 178, Priority: 7, MAC: 126
[0.138296] [INFO] [MESSAGE] BROADCAST_RX from 66 - Received broadcast message from 66
[0.138296] [INFO] [MESSAGE] SECURITY_CHECK from 66 - Security check - Node QCA:OFF CA:OFF, Message QCA:YES CA:NO
[0.138296] [INFO] [SECURITY] QCA_VERIFY - SUCCESS - QCA verification SKIPPED - Node disabled but message has QCA header from 66
[0.138296] [INFO] [SECURITY] CA_VERIFY - SUCCESS - CA verification SKIPPED - Neither node nor message uses CA from 66
[0.138296] [INFO] [MESSAGE] BROADCAST_FORWARD from 66 - Security verification passed, forwarding to application
[0.368832] [INFO] [MESSAGE] BROADCAST_RX from 86 - Received broadcast message from 86
[0.368832] [INFO] [MESSAGE] SECURITY_CHECK from 86 - Security check - Node QCA:OFF CA:OFF, Message QCA:NO CA:YES
[0.368832] [INFO] [SECURITY] QCA_VERIFY - SUCCESS - QCA verification SKIPPED - Neither node nor message uses QCA from 86
[0.368832] [INFO] [SECURITY] CA_VERIFY - SUCCESS - CA verification SKIPPED - Node disabled but message has CA header from 86
[0.368832] [INFO] [MESSAGE] BROADCAST_FORWARD from 86 - Security verification passed, forwarding to application
[0.662643] [INFO] [MESSAGE] BROADCAST_RX from 91 - Received broadcast message from 91
[0.662643] [INFO] [MESSAGE] SECURITY_CHECK from 91 - Security check - Node QCA:OFF CA:OFF, Message QCA:NO CA:YES
[0.662643] [INFO] [SECURITY] QCA_VERIFY - SUCCESS - QCA verification SKIPPED - Neither node nor message uses QCA from 91
[0.662643] [INFO] [SECURITY] CA_VERIFY - SUCCESS - CA verification SKIPPED - Node disabled but message has CA header from 91
[0.662643] [INFO] [MESSAGE] BROADCAST_FORWARD from 91 - Security verification passed, forwarding to application

=== Final Statistics ===
Simulation Duration: 0 seconds
Total Messages Processed: 4
Total Security Checks: 3
QCA Checks: 3
CA Checks: 3
QCA Verification Success: 0
QCA Verification Failed: 0
CA Verification Success: 0
CA Verification Failed: 0
CA Certificate Requests: 0
CA Certificates Issued: 0
========================
=== Log End at 0.754926 ===
