-----NEW SIGNATURE RECORD-----
Timestamp: 2025-06-10 17:28:40
Node ID: drone[3]
Signed Data (first 50 bytes): -178-7-984
Signature: QCA-SIG-drone[3]-1d013d45b98556b9
-----END SIGNATURE RECORD-----

-----NEW SIGNATURE RECORD-----
Timestamp: 2025-06-10 17:29:49
Node ID: drone[3]
Signed Data (first 50 bytes): -178-7-1696
Signature: QCA-SIG-drone[3]-cbd43b6dc99ed92b
-----END SIGNATURE RECORD-----

-----NEW SIGNATURE RECORD-----
Timestamp: 2025-06-10 19:02:40
Node ID: drone[3]
Signed Data (first 50 bytes): -178-7-408
Signature: QCA-SIG-drone[3]-09886acce4cc02c7
-----END SIGNATURE RECORD-----

-----NEW SIGNATURE RECORD-----
Timestamp: 2025-06-10 19:03:50
Node ID: drone[3]
Signed Data (first 50 bytes): -178-7-1120
Signature: QCA-SIG-drone[3]-516aabec1370383b
-----END SIGNATURE RECORD-----

-----NEW SIGNATURE RECORD-----
Timestamp: 2025-06-10 19:05:07
Node ID: drone[3]
Signed Data (first 50 bytes): -178-7-1977
Signature: QCA-SIG-drone[3]-b1a61e8d539652db
-----END SIGNATURE RECORD-----

-----NEW SIGNATURE RECORD-----
Timestamp: 2025-06-10 19:06:15
Node ID: drone[3]
Signed Data (first 50 bytes): -178-7-2715
Signature: QCA-SIG-drone[3]-31faa4abdc9e1f13
-----END SIGNATURE RECORD-----

-----NEW SIGNATURE RECORD-----
Timestamp: 2025-06-10 19:13:10
Node ID: drone[3]
Signed Data (first 50 bytes): -178-7-408
Signature: QCA-SIG-drone[3]-09886acce4cc02c7
-----END SIGNATURE RECORD-----

-----NEW SIGNATURE RECORD-----
Timestamp: 2025-06-10 19:14:24
Node ID: drone[3]
Signed Data (first 50 bytes): -178-7-1120
Signature: QCA-SIG-drone[3]-516aabec1370383b
-----END SIGNATURE RECORD-----

-----NEW SIGNATURE RECORD-----
Timestamp: 2025-06-10 19:15:42
Node ID: drone[3]
Signed Data (first 50 bytes): -178-7-1977
Signature: QCA-SIG-drone[3]-b1a61e8d539652db
-----END SIGNATURE RECORD-----

-----NEW SIGNATURE RECORD-----
Timestamp: 2025-06-10 19:23:34
Node ID: drone[3]
Signed Data (first 50 bytes): -178-7-408
Signature: QCA-SIG-drone[3]-09886acce4cc02c7
-----END SIGNATURE RECORD-----

-----NEW SIGNATURE RECORD-----
Timestamp: 2025-06-10 19:24:41
Node ID: drone[3]
Signed Data (first 50 bytes): -178-7-1120
Signature: QCA-SIG-drone[3]-516aabec1370383b
-----END SIGNATURE RECORD-----

-----NEW SIGNATURE RECORD-----
Timestamp: 2025-06-10 19:26:00
Node ID: drone[3]
Signed Data (first 50 bytes): -178-7-1977
Signature: QCA-SIG-drone[3]-b1a61e8d539652db
-----END SIGNATURE RECORD-----

-----NEW SIGNATURE RECORD-----
Timestamp: 2025-06-10 19:27:01
Node ID: drone[3]
Signed Data (first 50 bytes): -178-7-2715
Signature: QCA-SIG-drone[3]-31faa4abdc9e1f13
-----END SIGNATURE RECORD-----

-----NEW SIGNATURE RECORD-----
Timestamp: 2025-06-10 19:31:17
Node ID: drone[3]
Signed Data (first 50 bytes): -178-7-408
Signature: QCA-SIG-drone[3]-09886acce4cc02c7
-----END SIGNATURE RECORD-----

-----NEW SIGNATURE RECORD-----
Timestamp: 2025-06-10 19:32:51
Node ID: drone[3]
Signed Data (first 50 bytes): -178-7-1120
Signature: QCA-SIG-drone[3]-516aabec1370383b
-----END SIGNATURE RECORD-----

-----NEW SIGNATURE RECORD-----
Timestamp: 2025-06-10 19:34:08
Node ID: drone[3]
Signed Data (first 50 bytes): -178-7-1977
Signature: QCA-SIG-drone[3]-b1a61e8d539652db
-----END SIGNATURE RECORD-----

-----NEW SIGNATURE RECORD-----
Timestamp: 2025-06-10 19:35:17
Node ID: drone[3]
Signed Data (first 50 bytes): -178-7-2715
Signature: QCA-SIG-drone[3]-31faa4abdc9e1f13
-----END SIGNATURE RECORD-----

-----NEW SIGNATURE RECORD-----
Timestamp: 2025-06-10 19:46:05
Node ID: drone[3]
Signed Data (first 50 bytes): -178-7-408
Signature: QCA-SIG-drone[3]-09886acce4cc02c7
-----END SIGNATURE RECORD-----

-----NEW SIGNATURE RECORD-----
Timestamp: 2025-06-10 19:47:18
Node ID: drone[3]
Signed Data (first 50 bytes): -178-7-1120
Signature: QCA-SIG-drone[3]-516aabec1370383b
-----END SIGNATURE RECORD-----

-----NEW SIGNATURE RECORD-----
Timestamp: 2025-06-10 19:49:17
Node ID: drone[3]
Signed Data (first 50 bytes): -178-7-1977
Signature: QCA-SIG-drone[3]-b1a61e8d539652db
-----END SIGNATURE RECORD-----

-----NEW SIGNATURE RECORD-----
Timestamp: 2025-06-10 19:50:33
Node ID: drone[3]
Signed Data (first 50 bytes): -178-7-2715
Signature: QCA-SIG-drone[3]-31faa4abdc9e1f13
-----END SIGNATURE RECORD-----

-----NEW SIGNATURE RECORD-----
Timestamp: 2025-06-10 20:00:03
Node ID: drone[3]
Signed Data (first 50 bytes): -178-7-408
Signature: QCA-SIG-drone[3]-09886acce4cc02c7
-----END SIGNATURE RECORD-----

-----NEW SIGNATURE RECORD-----
Timestamp: 2025-06-10 20:01:25
Node ID: drone[3]
Signed Data (first 50 bytes): -178-7-1120
Signature: QCA-SIG-drone[3]-516aabec1370383b
-----END SIGNATURE RECORD-----

-----NEW SIGNATURE RECORD-----
Timestamp: 2025-06-10 20:30:51
Node ID: drone[3]
Signed Data (first 50 bytes): -178-7-408
Signature: QCA-SIG-drone[3]-09886acce4cc02c7
-----END SIGNATURE RECORD-----

-----NEW SIGNATURE RECORD-----
Timestamp: 2025-06-10 20:31:47
Node ID: drone[3]
Signed Data (first 50 bytes): -178-7-1120
Signature: QCA-SIG-drone[3]-516aabec1370383b
-----END SIGNATURE RECORD-----

-----NEW SIGNATURE RECORD-----
Timestamp: 2025-06-10 20:32:55
Node ID: drone[3]
Signed Data (first 50 bytes): -178-7-1977
Signature: QCA-SIG-drone[3]-b1a61e8d539652db
-----END SIGNATURE RECORD-----

-----NEW SIGNATURE RECORD-----
Timestamp: 2025-06-10 20:33:51
Node ID: drone[3]
Signed Data (first 50 bytes): -178-7-2715
Signature: QCA-SIG-drone[3]-31faa4abdc9e1f13
-----END SIGNATURE RECORD-----

-----NEW SIGNATURE RECORD-----
Timestamp: 2025-06-10 20:35:20
Node ID: drone[3]
Signed Data (first 50 bytes): -178-7-3804
Signature: QCA-SIG-drone[3]-a86fc5c973e8ac67
-----END SIGNATURE RECORD-----

-----NEW SIGNATURE RECORD-----
Timestamp: 2025-06-10 20:36:12
Node ID: drone[3]
Signed Data (first 50 bytes): -178-7-4456
Signature: QCA-SIG-drone[3]-030c75b140d787ea
-----END SIGNATURE RECORD-----

-----NEW SIGNATURE RECORD-----
Timestamp: 2025-06-10 20:37:22
Node ID: drone[3]
Signed Data (first 50 bytes): -178-7-5325
Signature: QCA-SIG-drone[3]-d4c070fbeb24a02f
-----END SIGNATURE RECORD-----

-----NEW SIGNATURE RECORD-----
Timestamp: 2025-06-10 20:38:30
Node ID: drone[3]
Signed Data (first 50 bytes): -178-7-6142
Signature: QCA-SIG-drone[3]-2051b62d151720fc
-----END SIGNATURE RECORD-----

-----NEW SIGNATURE RECORD-----
Timestamp: 2025-06-10 20:57:33
Node ID: drone[3]
Signed Data (first 50 bytes): -178-7-408
Signature: QCA-SIG-drone[3]-09886acce4cc02c7
-----END SIGNATURE RECORD-----

-----NEW SIGNATURE RECORD-----
Timestamp: 2025-06-10 21:12:45
Node ID: drone[3]
Signed Data (first 50 bytes): -178-7-408
Signature: QCA-SIG-drone[3]-09886acce4cc02c7
-----END SIGNATURE RECORD-----

-----NEW SIGNATURE RECORD-----
Timestamp: 2025-06-10 21:14:19
Node ID: drone[3]
Signed Data (first 50 bytes): -178-7-1120
Signature: QCA-SIG-drone[3]-516aabec1370383b
-----END SIGNATURE RECORD-----

-----NEW SIGNATURE RECORD-----
Timestamp: 2025-06-10 21:16:23
Node ID: drone[3]
Signed Data (first 50 bytes): -178-7-1963
Signature: QCA-SIG-drone[3]-17dd00fc726c6673
-----END SIGNATURE RECORD-----

-----NEW SIGNATURE RECORD-----
Timestamp: 2025-06-10 21:18:09
Node ID: drone[3]
Signed Data (first 50 bytes): -178-7-2682
Signature: QCA-SIG-drone[3]-191cbe9a81b0b515
-----END SIGNATURE RECORD-----

-----NEW SIGNATURE RECORD-----
Timestamp: 2025-06-10 21:30:51
Node ID: drone[3]
Signed Data (first 50 bytes): -178-7-408
Signature: QCA-SIG-drone[3]-09886acce4cc02c7
-----END SIGNATURE RECORD-----

-----NEW SIGNATURE RECORD-----
Timestamp: 2025-06-10 21:38:27
Node ID: drone[3]
Signed Data (first 50 bytes): -178-7-408
Signature: QCA-SIG-drone[3]-09886acce4cc02c7
-----END SIGNATURE RECORD-----

-----NEW SIGNATURE RECORD-----
Timestamp: 2025-06-10 21:44:35
Node ID: drone[3]
Signed Data (first 50 bytes): -178-7-408
Signature: QCA-SIG-drone[3]-09886acce4cc02c7
-----END SIGNATURE RECORD-----

-----NEW SIGNATURE RECORD-----
Timestamp: 2025-06-10 21:49:01
Node ID: drone[3]
Signed Data (first 50 bytes): -178-7-408
Signature: QCA-SIG-drone[3]-09886acce4cc02c7
-----END SIGNATURE RECORD-----

-----NEW SIGNATURE RECORD-----
Timestamp: 2025-06-10 21:53:05
Node ID: drone[3]
Signed Data (first 50 bytes): -178-7-408
Signature: QCA-SIG-drone[3]-09886acce4cc02c7
-----END SIGNATURE RECORD-----

-----NEW SIGNATURE RECORD-----
Timestamp: 2025-06-10 22:54:28
Node ID: drone[3]
Signed Data (first 50 bytes): -178-7-408
Signature: QCA-SIG-drone[3]-09886acce4cc02c7
-----END SIGNATURE RECORD-----

-----NEW SIGNATURE RECORD-----
Timestamp: 2025-06-10 22:58:57
Node ID: drone[3]
Signed Data (first 50 bytes): -178-7-408
Signature: QCA-SIG-drone[3]-09886acce4cc02c7
-----END SIGNATURE RECORD-----

-----NEW SIGNATURE RECORD-----
Timestamp: 2025-06-10 23:01:44
Node ID: drone[3]
Signed Data (first 50 bytes): -178-7-408
Signature: QCA-SIG-drone[3]-09886acce4cc02c7
-----END SIGNATURE RECORD-----

-----NEW SIGNATURE RECORD-----
Timestamp: 2025-06-10 23:07:43
Node ID: drone[3]
Signed Data (first 50 bytes): -178-7-408
Signature: QCA-SIG-drone[3]-09886acce4cc02c7
-----END SIGNATURE RECORD-----

-----NEW SIGNATURE RECORD-----
Timestamp: 2025-06-10 23:11:10
Node ID: drone[3]
Signed Data (first 50 bytes): -178-7-408
Signature: QCA-SIG-drone[3]-09886acce4cc02c7
-----END SIGNATURE RECORD-----

-----NEW SIGNATURE RECORD-----
Timestamp: 2025-06-10 23:14:23
Node ID: drone[3]
Signed Data (first 50 bytes): -178-7-408
Signature: QCA-SIG-drone[3]-09886acce4cc02c7
-----END SIGNATURE RECORD-----

-----NEW SIGNATURE RECORD-----
Timestamp: 2025-06-10 23:21:02
Node ID: drone[3]
Signed Data (first 50 bytes): -178-7-408
Signature: QCA-SIG-drone[3]-09886acce4cc02c7
-----END SIGNATURE RECORD-----

-----NEW SIGNATURE RECORD-----
Timestamp: 2025-06-11 09:38:04
Node ID: drone[3]
Signed Data (first 50 bytes): -178-7-408
Signature: QCA-SIG-drone[3]-09886acce4cc02c7
-----END SIGNATURE RECORD-----

-----NEW SIGNATURE RECORD-----
Timestamp: 2025-06-11 11:01:59
Node ID: drone[3]
Signed Data (first 50 bytes): -178-7-1120
Signature: QCA-SIG-drone[3]-516aabec1370383b
-----END SIGNATURE RECORD-----

-----NEW SIGNATURE RECORD-----
Timestamp: 2025-06-11 11:03:48
Node ID: drone[3]
Signed Data (first 50 bytes): -178-7-2328
Signature: QCA-SIG-drone[3]-0d23ec3fcb568620
-----END SIGNATURE RECORD-----

