-----NEW SIGNATURE RECORD-----
Timestamp: 2025-06-10 17:28:50
Node ID: drone[0]
Signed Data (first 50 bytes): -178-7-1067
Signature: QCA-SIG-drone[0]-08ac34dd70dfa4de
-----END SIGNATURE RECORD-----

-----NEW SIGNATURE RECORD-----
Timestamp: 2025-06-10 17:29:54
Node ID: drone[0]
Signed Data (first 50 bytes): -178-7-1742
Signature: QCA-SIG-drone[0]-7937287cfe95700b
-----END SIGNATURE RECORD-----

-----NEW SIGNATURE RECORD-----
Timestamp: 2025-06-10 19:02:54
Node ID: drone[0]
Signed Data (first 50 bytes): -178-7-491
Signature: QCA-SIG-drone[0]-db617754feea6fce
-----END SIGNATURE RECORD-----

-----NEW SIGNATURE RECORD-----
Timestamp: 2025-06-10 19:03:55
Node ID: drone[0]
Signed Data (first 50 bytes): -178-7-1166
Signature: QCA-SIG-drone[0]-53f86369056bfad0
-----END SIGNATURE RECORD-----

-----NEW SIGNATURE RECORD-----
Timestamp: 2025-06-10 19:05:12
Node ID: drone[0]
Signed Data (first 50 bytes): -178-7-2024
Signature: QCA-SIG-drone[0]-b089bc0df9eefd47
-----END SIGNATURE RECORD-----

-----NEW SIGNATURE RECORD-----
Timestamp: 2025-06-10 19:06:21
Node ID: drone[0]
Signed Data (first 50 bytes): -178-7-2762
Signature: QCA-SIG-drone[0]-9528ded313b240fe
-----END SIGNATURE RECORD-----

-----NEW SIGNATURE RECORD-----
Timestamp: 2025-06-10 19:13:24
Node ID: drone[0]
Signed Data (first 50 bytes): -178-7-491
Signature: QCA-SIG-drone[0]-db617754feea6fce
-----END SIGNATURE RECORD-----

-----NEW SIGNATURE RECORD-----
Timestamp: 2025-06-10 19:14:29
Node ID: drone[0]
Signed Data (first 50 bytes): -178-7-1166
Signature: QCA-SIG-drone[0]-53f86369056bfad0
-----END SIGNATURE RECORD-----

-----NEW SIGNATURE RECORD-----
Timestamp: 2025-06-10 19:15:47
Node ID: drone[0]
Signed Data (first 50 bytes): -178-7-2024
Signature: QCA-SIG-drone[0]-b089bc0df9eefd47
-----END SIGNATURE RECORD-----

-----NEW SIGNATURE RECORD-----
Timestamp: 2025-06-10 19:23:46
Node ID: drone[0]
Signed Data (first 50 bytes): -178-7-491
Signature: QCA-SIG-drone[0]-db617754feea6fce
-----END SIGNATURE RECORD-----

-----NEW SIGNATURE RECORD-----
Timestamp: 2025-06-10 19:24:46
Node ID: drone[0]
Signed Data (first 50 bytes): -178-7-1166
Signature: QCA-SIG-drone[0]-53f86369056bfad0
-----END SIGNATURE RECORD-----

-----NEW SIGNATURE RECORD-----
Timestamp: 2025-06-10 19:26:05
Node ID: drone[0]
Signed Data (first 50 bytes): -178-7-2024
Signature: QCA-SIG-drone[0]-b089bc0df9eefd47
-----END SIGNATURE RECORD-----

-----NEW SIGNATURE RECORD-----
Timestamp: 2025-06-10 19:27:07
Node ID: drone[0]
Signed Data (first 50 bytes): -178-7-2762
Signature: QCA-SIG-drone[0]-9528ded313b240fe
-----END SIGNATURE RECORD-----

-----NEW SIGNATURE RECORD-----
Timestamp: 2025-06-10 19:31:29
Node ID: drone[0]
Signed Data (first 50 bytes): -178-7-491
Signature: QCA-SIG-drone[0]-db617754feea6fce
-----END SIGNATURE RECORD-----

-----NEW SIGNATURE RECORD-----
Timestamp: 2025-06-10 19:32:56
Node ID: drone[0]
Signed Data (first 50 bytes): -178-7-1166
Signature: QCA-SIG-drone[0]-53f86369056bfad0
-----END SIGNATURE RECORD-----

-----NEW SIGNATURE RECORD-----
Timestamp: 2025-06-10 19:34:14
Node ID: drone[0]
Signed Data (first 50 bytes): -178-7-2024
Signature: QCA-SIG-drone[0]-b089bc0df9eefd47
-----END SIGNATURE RECORD-----

-----NEW SIGNATURE RECORD-----
Timestamp: 2025-06-10 19:35:22
Node ID: drone[0]
Signed Data (first 50 bytes): -178-7-2762
Signature: QCA-SIG-drone[0]-9528ded313b240fe
-----END SIGNATURE RECORD-----

-----NEW SIGNATURE RECORD-----
Timestamp: 2025-06-10 19:46:14
Node ID: drone[0]
Signed Data (first 50 bytes): -178-7-491
Signature: QCA-SIG-drone[0]-db617754feea6fce
-----END SIGNATURE RECORD-----

-----NEW SIGNATURE RECORD-----
Timestamp: 2025-06-10 19:47:24
Node ID: drone[0]
Signed Data (first 50 bytes): -178-7-1166
Signature: QCA-SIG-drone[0]-53f86369056bfad0
-----END SIGNATURE RECORD-----

-----NEW SIGNATURE RECORD-----
Timestamp: 2025-06-10 19:49:25
Node ID: drone[0]
Signed Data (first 50 bytes): -178-7-2024
Signature: QCA-SIG-drone[0]-b089bc0df9eefd47
-----END SIGNATURE RECORD-----

-----NEW SIGNATURE RECORD-----
Timestamp: 2025-06-10 19:50:39
Node ID: drone[0]
Signed Data (first 50 bytes): -178-7-2762
Signature: QCA-SIG-drone[0]-9528ded313b240fe
-----END SIGNATURE RECORD-----

-----NEW SIGNATURE RECORD-----
Timestamp: 2025-06-10 20:00:12
Node ID: drone[0]
Signed Data (first 50 bytes): -178-7-491
Signature: QCA-SIG-drone[0]-db617754feea6fce
-----END SIGNATURE RECORD-----

-----NEW SIGNATURE RECORD-----
Timestamp: 2025-06-10 20:01:31
Node ID: drone[0]
Signed Data (first 50 bytes): -178-7-1166
Signature: QCA-SIG-drone[0]-53f86369056bfad0
-----END SIGNATURE RECORD-----

-----NEW SIGNATURE RECORD-----
Timestamp: 2025-06-10 20:31:00
Node ID: drone[0]
Signed Data (first 50 bytes): -178-7-491
Signature: QCA-SIG-drone[0]-db617754feea6fce
-----END SIGNATURE RECORD-----

-----NEW SIGNATURE RECORD-----
Timestamp: 2025-06-10 20:31:52
Node ID: drone[0]
Signed Data (first 50 bytes): -178-7-1166
Signature: QCA-SIG-drone[0]-53f86369056bfad0
-----END SIGNATURE RECORD-----

-----NEW SIGNATURE RECORD-----
Timestamp: 2025-06-10 20:33:00
Node ID: drone[0]
Signed Data (first 50 bytes): -178-7-2024
Signature: QCA-SIG-drone[0]-b089bc0df9eefd47
-----END SIGNATURE RECORD-----

-----NEW SIGNATURE RECORD-----
Timestamp: 2025-06-10 20:33:56
Node ID: drone[0]
Signed Data (first 50 bytes): -178-7-2762
Signature: QCA-SIG-drone[0]-9528ded313b240fe
-----END SIGNATURE RECORD-----

-----NEW SIGNATURE RECORD-----
Timestamp: 2025-06-10 20:35:29
Node ID: drone[0]
Signed Data (first 50 bytes): -178-7-3889
Signature: QCA-SIG-drone[0]-4a838382eeb608d4
-----END SIGNATURE RECORD-----

-----NEW SIGNATURE RECORD-----
Timestamp: 2025-06-10 20:36:17
Node ID: drone[0]
Signed Data (first 50 bytes): -178-7-4503
Signature: QCA-SIG-drone[0]-510f23cb1d27c992
-----END SIGNATURE RECORD-----

-----NEW SIGNATURE RECORD-----
Timestamp: 2025-06-10 20:37:27
Node ID: drone[0]
Signed Data (first 50 bytes): -178-7-5372
Signature: QCA-SIG-drone[0]-9b62e6d5f5c10c4f
-----END SIGNATURE RECORD-----

-----NEW SIGNATURE RECORD-----
Timestamp: 2025-06-10 20:38:35
Node ID: drone[0]
Signed Data (first 50 bytes): -178-7-6189
Signature: QCA-SIG-drone[0]-4cbc388b877e8fb5
-----END SIGNATURE RECORD-----

-----NEW SIGNATURE RECORD-----
Timestamp: 2025-06-10 20:57:42
Node ID: drone[0]
Signed Data (first 50 bytes): -178-7-491
Signature: QCA-SIG-drone[0]-db617754feea6fce
-----END SIGNATURE RECORD-----

-----NEW SIGNATURE RECORD-----
Timestamp: 2025-06-10 21:12:54
Node ID: drone[0]
Signed Data (first 50 bytes): -178-7-491
Signature: QCA-SIG-drone[0]-db617754feea6fce
-----END SIGNATURE RECORD-----

-----NEW SIGNATURE RECORD-----
Timestamp: 2025-06-10 21:14:25
Node ID: drone[0]
Signed Data (first 50 bytes): -178-7-1166
Signature: QCA-SIG-drone[0]-53f86369056bfad0
-----END SIGNATURE RECORD-----

-----NEW SIGNATURE RECORD-----
Timestamp: 2025-06-10 21:16:31
Node ID: drone[0]
Signed Data (first 50 bytes): -178-7-2009
Signature: QCA-SIG-drone[0]-fe7f751c2c7ead0b
-----END SIGNATURE RECORD-----

-----NEW SIGNATURE RECORD-----
Timestamp: 2025-06-10 21:18:17
Node ID: drone[0]
Signed Data (first 50 bytes): -178-7-2728
Signature: QCA-SIG-drone[0]-05147e8fbc8ba7fb
-----END SIGNATURE RECORD-----

-----NEW SIGNATURE RECORD-----
Timestamp: 2025-06-10 21:49:11
Node ID: drone[0]
Signed Data (first 50 bytes): -178-7-503
Signature: QCA-SIG-drone[0]-0654a8f0d4f1e933
-----END SIGNATURE RECORD-----

-----NEW SIGNATURE RECORD-----
Timestamp: 2025-06-10 21:53:14
Node ID: drone[0]
Signed Data (first 50 bytes): -178-7-507
Signature: QCA-SIG-drone[0]-0444035e4ccd0161
-----END SIGNATURE RECORD-----

-----NEW SIGNATURE RECORD-----
Timestamp: 2025-06-11 11:02:47
Node ID: drone[0]
Signed Data (first 50 bytes): -178-7-1674
Signature: QCA-SIG-drone[0]-0c7f70cc486b2b7b
-----END SIGNATURE RECORD-----

