-----NEW SIGNATURE RECORD-----
Timestamp: 2025-06-10 17:28:46
Node ID: ship[2]
Signed Data (first 50 bytes): -178-7-1030
Signature: QCA-SIG-ship[2]-fd05b35e33fd34ce
-----END SIGNATURE RECORD-----

-----NEW SIGNATURE RECORD-----
Timestamp: 2025-06-10 19:02:47
Node ID: ship[2]
Signed Data (first 50 bytes): -178-7-454
Signature: QCA-SIG-ship[2]-b9fd7f9decea2cb6
-----END SIGNATURE RECORD-----

-----NEW SIGNATURE RECORD-----
Timestamp: 2025-06-10 19:13:17
Node ID: ship[2]
Signed Data (first 50 bytes): -178-7-454
Signature: QCA-SIG-ship[2]-b9fd7f9decea2cb6
-----END SIGNATURE RECORD-----

-----NEW SIGNATURE RECORD-----
Timestamp: 2025-06-10 19:23:40
Node ID: ship[2]
Signed Data (first 50 bytes): -178-7-454
Signature: QCA-SIG-ship[2]-b9fd7f9decea2cb6
-----END SIGNATURE RECORD-----

-----NEW SIGNATURE RECORD-----
Timestamp: 2025-06-10 19:31:23
Node ID: ship[2]
Signed Data (first 50 bytes): -178-7-454
Signature: QCA-SIG-ship[2]-b9fd7f9decea2cb6
-----END SIGNATURE RECORD-----

-----NEW SIGNATURE RECORD-----
Timestamp: 2025-06-10 19:46:10
Node ID: ship[2]
Signed Data (first 50 bytes): -178-7-454
Signature: QCA-SIG-ship[2]-b9fd7f9decea2cb6
-----END SIGNATURE RECORD-----

-----NEW SIGNATURE RECORD-----
Timestamp: 2025-06-10 20:00:08
Node ID: ship[2]
Signed Data (first 50 bytes): -178-7-454
Signature: QCA-SIG-ship[2]-b9fd7f9decea2cb6
-----END SIGNATURE RECORD-----

-----NEW SIGNATURE RECORD-----
Timestamp: 2025-06-10 20:30:56
Node ID: ship[2]
Signed Data (first 50 bytes): -178-7-454
Signature: QCA-SIG-ship[2]-b9fd7f9decea2cb6
-----END SIGNATURE RECORD-----

-----NEW SIGNATURE RECORD-----
Timestamp: 2025-06-10 20:35:25
Node ID: ship[2]
Signed Data (first 50 bytes): -178-7-3851
Signature: QCA-SIG-ship[2]-611425e17ea81b5f
-----END SIGNATURE RECORD-----

-----NEW SIGNATURE RECORD-----
Timestamp: 2025-06-10 20:57:38
Node ID: ship[2]
Signed Data (first 50 bytes): -178-7-454
Signature: QCA-SIG-ship[2]-b9fd7f9decea2cb6
-----END SIGNATURE RECORD-----

-----NEW SIGNATURE RECORD-----
Timestamp: 2025-06-10 21:12:50
Node ID: ship[2]
Signed Data (first 50 bytes): -178-7-454
Signature: QCA-SIG-ship[2]-b9fd7f9decea2cb6
-----END SIGNATURE RECORD-----

-----NEW SIGNATURE RECORD-----
Timestamp: 2025-06-10 21:30:55
Node ID: ship[2]
Signed Data (first 50 bytes): -178-7-460
Signature: QCA-SIG-ship[2]-1bbcd5c0e84d3d93
-----END SIGNATURE RECORD-----

-----NEW SIGNATURE RECORD-----
Timestamp: 2025-06-10 21:49:06
Node ID: ship[2]
Signed Data (first 50 bytes): -178-7-466
Signature: QCA-SIG-ship[2]-f164076a6fe27733
-----END SIGNATURE RECORD-----

-----NEW SIGNATURE RECORD-----
Timestamp: 2025-06-10 21:53:10
Node ID: ship[2]
Signed Data (first 50 bytes): -178-7-466
Signature: QCA-SIG-ship[2]-f164076a6fe27733
-----END SIGNATURE RECORD-----

-----NEW SIGNATURE RECORD-----
Timestamp: 2025-06-11 09:38:08
Node ID: ship[2]
Signed Data (first 50 bytes): -178-7-445
Signature: QCA-SIG-ship[2]-ad94da6de465cd26
-----END SIGNATURE RECORD-----

-----VERIFICATION RECORD-----
Timestamp: 2025-06-11 09:38:12
Node ID: ship[2]
Signature: QCA-SIG-ship[2]-ad94da6de465cd26
Verification Result: VALID
-----END VERIFICATION RECORD-----

-----VERIFICATION RECORD-----
Timestamp: 2025-06-11 09:38:12
Node ID: ship[2]
Signature: QCA-SIG-ship[2]-ad94da6de465cd26
Verification Result: VALID
-----END VERIFICATION RECORD-----

-----NEW SIGNATURE RECORD-----
Timestamp: 2025-06-11 11:01:24
Node ID: ship[2]
Signed Data (first 50 bytes): -178-7-674
Signature: QCA-SIG-ship[2]-b0c5432c9bf94596
-----END SIGNATURE RECORD-----

-----VERIFICATION RECORD-----
Timestamp: 2025-06-11 11:01:28
Node ID: ship[2]
Signature: QCA-SIG-ship[2]-b0c5432c9bf94596
Verification Result: VALID
-----END VERIFICATION RECORD-----

-----VERIFICATION RECORD-----
Timestamp: 2025-06-11 11:01:28
Node ID: ship[2]
Signature: QCA-SIG-ship[2]-b0c5432c9bf94596
Verification Result: VALID
-----END VERIFICATION RECORD-----

