-----NEW SIGNATURE RECORD-----
Timestamp: 2025-06-10 17:30:03
Node ID: warehouse[1]
Signed Data (first 50 bytes): -178-7-1827
Signature: QCA-SIG-warehouse[1]-63884523785ffcd9
-----END SIGNATURE RECORD-----

-----NEW SIGNATURE RECORD-----
Timestamp: 2025-06-10 19:04:04
Node ID: warehouse[1]
Signed Data (first 50 bytes): -178-7-1251
Signature: QCA-SIG-warehouse[1]-866073221986f269
-----END SIGNATURE RECORD-----

-----NEW SIGNATURE RECORD-----
Timestamp: 2025-06-10 19:14:39
Node ID: warehouse[1]
Signed Data (first 50 bytes): -178-7-1251
Signature: QCA-SIG-warehouse[1]-866073221986f269
-----END SIGNATURE RECORD-----

-----NEW SIGNATURE RECORD-----
Timestamp: 2025-06-10 19:24:55
Node ID: warehouse[1]
Signed Data (first 50 bytes): -178-7-1251
Signature: QCA-SIG-warehouse[1]-866073221986f269
-----END SIGNATURE RECORD-----

-----NEW SIGNATURE RECORD-----
Timestamp: 2025-06-10 19:33:05
Node ID: warehouse[1]
Signed Data (first 50 bytes): -178-7-1251
Signature: QCA-SIG-warehouse[1]-866073221986f269
-----END SIGNATURE RECORD-----

-----NEW SIGNATURE RECORD-----
Timestamp: 2025-06-10 19:47:34
Node ID: warehouse[1]
Signed Data (first 50 bytes): -178-7-1251
Signature: QCA-SIG-warehouse[1]-866073221986f269
-----END SIGNATURE RECORD-----

-----NEW SIGNATURE RECORD-----
Timestamp: 2025-06-10 20:01:44
Node ID: warehouse[1]
Signed Data (first 50 bytes): -178-7-1251
Signature: QCA-SIG-warehouse[1]-866073221986f269
-----END SIGNATURE RECORD-----

-----NEW SIGNATURE RECORD-----
Timestamp: 2025-06-10 20:32:01
Node ID: warehouse[1]
Signed Data (first 50 bytes): -178-7-1251
Signature: QCA-SIG-warehouse[1]-866073221986f269
-----END SIGNATURE RECORD-----

-----NEW SIGNATURE RECORD-----
Timestamp: 2025-06-10 20:38:44
Node ID: warehouse[1]
Signed Data (first 50 bytes): -178-7-6276
Signature: QCA-SIG-warehouse[1]-01df38e1c6060cbf
-----END SIGNATURE RECORD-----

-----NEW SIGNATURE RECORD-----
Timestamp: 2025-06-10 21:14:39
Node ID: warehouse[1]
Signed Data (first 50 bytes): -178-7-1251
Signature: QCA-SIG-warehouse[1]-866073221986f269
-----END SIGNATURE RECORD-----

