-----NEW SIGNATURE RECORD-----
Timestamp: 2025-06-10 19:06:04
Node ID: port[1]
Signed Data (first 50 bytes): -178-7-2605
Signature: QCA-SIG-port[1]-665855ede307f289
-----END SIGNATURE RECORD-----

-----NEW SIGNATURE RECORD-----
Timestamp: 2025-06-10 19:26:52
Node ID: port[1]
Signed Data (first 50 bytes): -178-7-2605
Signature: QCA-SIG-port[1]-665855ede307f289
-----END SIGNATURE RECORD-----

-----NEW SIGNATURE RECORD-----
Timestamp: 2025-06-10 19:35:08
Node ID: port[1]
Signed Data (first 50 bytes): -178-7-2605
Signature: QCA-SIG-port[1]-665855ede307f289
-----END SIGNATURE RECORD-----

-----NEW SIGNATURE RECORD-----
Timestamp: 2025-06-10 19:50:22
Node ID: port[1]
Signed Data (first 50 bytes): -178-7-2605
Signature: QCA-SIG-port[1]-665855ede307f289
-----END SIGNATURE RECORD-----

-----NEW SIGNATURE RECORD-----
Timestamp: 2025-06-10 20:33:43
Node ID: port[1]
Signed Data (first 50 bytes): -178-7-2605
Signature: QCA-SIG-port[1]-665855ede307f289
-----END SIGNATURE RECORD-----

-----NEW SIGNATURE RECORD-----
Timestamp: 2025-06-10 20:38:15
Node ID: port[1]
Signed Data (first 50 bytes): -178-7-5953
Signature: QCA-SIG-port[1]-c5339dc62a2e850f
-----END SIGNATURE RECORD-----

-----NEW SIGNATURE RECORD-----
Timestamp: 2025-06-10 21:17:53
Node ID: port[1]
Signed Data (first 50 bytes): -178-7-2574
Signature: QCA-SIG-port[1]-e980373f5010a872
-----END SIGNATURE RECORD-----

-----NEW SIGNATURE RECORD-----
Timestamp: 2025-06-11 11:03:18
Node ID: port[1]
Signed Data (first 50 bytes): -178-7-2023
Signature: QCA-SIG-port[1]-22ed7ddc89e886ab
-----END SIGNATURE RECORD-----

