-----NEW SIGNATURE RECORD-----
Timestamp: 2025-06-10 17:29:07
Node ID: drone[2]
Signed Data (first 50 bytes): -178-7-1199
Signature: QCA-SIG-drone[2]-808726f269758b27
-----END SIGNATURE RECORD-----

-----NEW SIGNATURE RECORD-----
Timestamp: 2025-06-10 19:03:08
Node ID: drone[2]
Signed Data (first 50 bytes): -178-7-623
Signature: QCA-SIG-drone[2]-c8ca1ad3b4a99e00
-----END SIGNATURE RECORD-----

-----NEW SIGNATURE RECORD-----
Timestamp: 2025-06-10 19:04:31
Node ID: drone[2]
Signed Data (first 50 bytes): -178-7-1566
Signature: QCA-SIG-drone[2]-d00d202777fd54d7
-----END SIGNATURE RECORD-----

-----NEW SIGNATURE RECORD-----
Timestamp: 2025-06-10 19:05:38
Node ID: drone[2]
Signed Data (first 50 bytes): -178-7-2288
Signature: QCA-SIG-drone[2]-1ae82c3845233dd6
-----END SIGNATURE RECORD-----

-----NEW SIGNATURE RECORD-----
Timestamp: 2025-06-10 19:13:46
Node ID: drone[2]
Signed Data (first 50 bytes): -178-7-623
Signature: QCA-SIG-drone[2]-c8ca1ad3b4a99e00
-----END SIGNATURE RECORD-----

-----NEW SIGNATURE RECORD-----
Timestamp: 2025-06-10 19:15:08
Node ID: drone[2]
Signed Data (first 50 bytes): -178-7-1566
Signature: QCA-SIG-drone[2]-d00d202777fd54d7
-----END SIGNATURE RECORD-----

-----NEW SIGNATURE RECORD-----
Timestamp: 2025-06-10 19:24:02
Node ID: drone[2]
Signed Data (first 50 bytes): -178-7-623
Signature: QCA-SIG-drone[2]-c8ca1ad3b4a99e00
-----END SIGNATURE RECORD-----

-----NEW SIGNATURE RECORD-----
Timestamp: 2025-06-10 19:25:27
Node ID: drone[2]
Signed Data (first 50 bytes): -178-7-1566
Signature: QCA-SIG-drone[2]-d00d202777fd54d7
-----END SIGNATURE RECORD-----

-----NEW SIGNATURE RECORD-----
Timestamp: 2025-06-10 19:26:29
Node ID: drone[2]
Signed Data (first 50 bytes): -178-7-2288
Signature: QCA-SIG-drone[2]-1ae82c3845233dd6
-----END SIGNATURE RECORD-----

-----NEW SIGNATURE RECORD-----
Timestamp: 2025-06-10 19:27:35
Node ID: drone[2]
Signed Data (first 50 bytes): -178-7-3092
Signature: QCA-SIG-drone[2]-dd5b674d9bbc6412
-----END SIGNATURE RECORD-----

-----NEW SIGNATURE RECORD-----
Timestamp: 2025-06-10 19:31:50
Node ID: drone[2]
Signed Data (first 50 bytes): -178-7-623
Signature: QCA-SIG-drone[2]-c8ca1ad3b4a99e00
-----END SIGNATURE RECORD-----

-----NEW SIGNATURE RECORD-----
Timestamp: 2025-06-10 19:33:34
Node ID: drone[2]
Signed Data (first 50 bytes): -178-7-1566
Signature: QCA-SIG-drone[2]-d00d202777fd54d7
-----END SIGNATURE RECORD-----

-----NEW SIGNATURE RECORD-----
Timestamp: 2025-06-10 19:34:44
Node ID: drone[2]
Signed Data (first 50 bytes): -178-7-2288
Signature: QCA-SIG-drone[2]-1ae82c3845233dd6
-----END SIGNATURE RECORD-----

-----NEW SIGNATURE RECORD-----
Timestamp: 2025-06-10 19:35:50
Node ID: drone[2]
Signed Data (first 50 bytes): -178-7-3092
Signature: QCA-SIG-drone[2]-dd5b674d9bbc6412
-----END SIGNATURE RECORD-----

-----NEW SIGNATURE RECORD-----
Timestamp: 2025-06-10 19:46:30
Node ID: drone[2]
Signed Data (first 50 bytes): -178-7-623
Signature: QCA-SIG-drone[2]-c8ca1ad3b4a99e00
-----END SIGNATURE RECORD-----

-----NEW SIGNATURE RECORD-----
Timestamp: 2025-06-10 19:48:20
Node ID: drone[2]
Signed Data (first 50 bytes): -178-7-1566
Signature: QCA-SIG-drone[2]-d00d202777fd54d7
-----END SIGNATURE RECORD-----

-----NEW SIGNATURE RECORD-----
Timestamp: 2025-06-10 19:49:53
Node ID: drone[2]
Signed Data (first 50 bytes): -178-7-2288
Signature: QCA-SIG-drone[2]-1ae82c3845233dd6
-----END SIGNATURE RECORD-----

-----NEW SIGNATURE RECORD-----
Timestamp: 2025-06-10 19:51:13
Node ID: drone[2]
Signed Data (first 50 bytes): -178-7-3092
Signature: QCA-SIG-drone[2]-dd5b674d9bbc6412
-----END SIGNATURE RECORD-----

-----NEW SIGNATURE RECORD-----
Timestamp: 2025-06-10 20:00:27
Node ID: drone[2]
Signed Data (first 50 bytes): -178-7-623
Signature: QCA-SIG-drone[2]-c8ca1ad3b4a99e00
-----END SIGNATURE RECORD-----

-----NEW SIGNATURE RECORD-----
Timestamp: 2025-06-10 20:31:12
Node ID: drone[2]
Signed Data (first 50 bytes): -178-7-623
Signature: QCA-SIG-drone[2]-c8ca1ad3b4a99e00
-----END SIGNATURE RECORD-----

-----NEW SIGNATURE RECORD-----
Timestamp: 2025-06-10 20:32:26
Node ID: drone[2]
Signed Data (first 50 bytes): -178-7-1566
Signature: QCA-SIG-drone[2]-d00d202777fd54d7
-----END SIGNATURE RECORD-----

-----NEW SIGNATURE RECORD-----
Timestamp: 2025-06-10 20:33:22
Node ID: drone[2]
Signed Data (first 50 bytes): -178-7-2288
Signature: QCA-SIG-drone[2]-1ae82c3845233dd6
-----END SIGNATURE RECORD-----

-----NEW SIGNATURE RECORD-----
Timestamp: 2025-06-10 20:34:24
Node ID: drone[2]
Signed Data (first 50 bytes): -178-7-3092
Signature: QCA-SIG-drone[2]-dd5b674d9bbc6412
-----END SIGNATURE RECORD-----

-----NEW SIGNATURE RECORD-----
Timestamp: 2025-06-10 20:35:42
Node ID: drone[2]
Signed Data (first 50 bytes): -178-7-4024
Signature: QCA-SIG-drone[2]-ca249e78c0933e56
-----END SIGNATURE RECORD-----

-----NEW SIGNATURE RECORD-----
Timestamp: 2025-06-10 20:36:47
Node ID: drone[2]
Signed Data (first 50 bytes): -178-7-4871
Signature: QCA-SIG-drone[2]-c1d1d99a873d517b
-----END SIGNATURE RECORD-----

-----NEW SIGNATURE RECORD-----
Timestamp: 2025-06-10 20:37:51
Node ID: drone[2]
Signed Data (first 50 bytes): -178-7-5636
Signature: QCA-SIG-drone[2]-21c059a7c156ef40
-----END SIGNATURE RECORD-----

-----NEW SIGNATURE RECORD-----
Timestamp: 2025-06-10 20:57:58
Node ID: drone[2]
Signed Data (first 50 bytes): -178-7-623
Signature: QCA-SIG-drone[2]-c8ca1ad3b4a99e00
-----END SIGNATURE RECORD-----

-----NEW SIGNATURE RECORD-----
Timestamp: 2025-06-10 21:13:11
Node ID: drone[2]
Signed Data (first 50 bytes): -178-7-623
Signature: QCA-SIG-drone[2]-c8ca1ad3b4a99e00
-----END SIGNATURE RECORD-----

-----NEW SIGNATURE RECORD-----
Timestamp: 2025-06-10 21:15:25
Node ID: drone[2]
Signed Data (first 50 bytes): -178-7-1566
Signature: QCA-SIG-drone[2]-d00d202777fd54d7
-----END SIGNATURE RECORD-----

-----NEW SIGNATURE RECORD-----
Timestamp: 2025-06-10 21:17:09
Node ID: drone[2]
Signed Data (first 50 bytes): -178-7-2268
Signature: QCA-SIG-drone[2]-f941ff3af6869246
-----END SIGNATURE RECORD-----

-----NEW SIGNATURE RECORD-----
Timestamp: 2025-06-11 11:02:36
Node ID: drone[2]
Signed Data (first 50 bytes): -178-7-1549
Signature: QCA-SIG-drone[2]-f7f4d616b82cb779
-----END SIGNATURE RECORD-----

