-----NEW SIGNATURE RECORD-----
Timestamp: 2025-06-10 17:28:55
Node ID: drone[1]
Signed Data (first 50 bytes): -178-7-1104
Signature: QCA-SIG-drone[1]-8db656b492fe92da
-----END SIGNATURE RECORD-----

-----VERIFICATION RECORD-----
Timestamp: 2025-06-10 17:28:59
Node ID: drone[1]
Signature: QCA-SIG-drone[1]-8db656b492fe92da
Verification Result: VALID
-----END VERIFICATION RECORD-----

-----VERIFICATION RECORD-----
Timestamp: 2025-06-10 17:29:00
Node ID: drone[1]
Signature: QCA-SIG-drone[1]-8db656b492fe92da
Verification Result: VALID
-----END VERIFICATION RECORD-----

-----NEW SIGNATURE RECORD-----
Timestamp: 2025-06-10 17:29:58
Node ID: drone[1]
Signed Data (first 50 bytes): -178-7-1779
Signature: QCA-SIG-drone[1]-1400c6da14aff9ec
-----END SIGNATURE RECORD-----

-----VERIFICATION RECORD-----
Timestamp: 2025-06-10 17:30:02
Node ID: drone[1]
Signature: QCA-SIG-drone[1]-1400c6da14aff9ec
Verification Result: VALID
-----END VERIFICATION RECORD-----

-----VERIFICATION RECORD-----
Timestamp: 2025-06-10 17:30:02
Node ID: drone[1]
Signature: QCA-SIG-drone[1]-1400c6da14aff9ec
Verification Result: VALID
-----END VERIFICATION RECORD-----

-----NEW SIGNATURE RECORD-----
Timestamp: 2025-06-10 19:02:58
Node ID: drone[1]
Signed Data (first 50 bytes): -178-7-528
Signature: QCA-SIG-drone[1]-ca81b226c4340c3f
-----END SIGNATURE RECORD-----

-----VERIFICATION RECORD-----
Timestamp: 2025-06-10 19:03:03
Node ID: drone[1]
Signature: QCA-SIG-drone[1]-ca81b226c4340c3f
Verification Result: VALID
-----END VERIFICATION RECORD-----

-----VERIFICATION RECORD-----
Timestamp: 2025-06-10 19:03:03
Node ID: drone[1]
Signature: QCA-SIG-drone[1]-ca81b226c4340c3f
Verification Result: VALID
-----END VERIFICATION RECORD-----

-----NEW SIGNATURE RECORD-----
Timestamp: 2025-06-10 19:03:59
Node ID: drone[1]
Signed Data (first 50 bytes): -178-7-1203
Signature: QCA-SIG-drone[1]-c35d33819f553c13
-----END SIGNATURE RECORD-----

-----VERIFICATION RECORD-----
Timestamp: 2025-06-10 19:04:03
Node ID: drone[1]
Signature: QCA-SIG-drone[1]-c35d33819f553c13
Verification Result: VALID
-----END VERIFICATION RECORD-----

-----VERIFICATION RECORD-----
Timestamp: 2025-06-10 19:04:03
Node ID: drone[1]
Signature: QCA-SIG-drone[1]-c35d33819f553c13
Verification Result: VALID
-----END VERIFICATION RECORD-----

-----NEW SIGNATURE RECORD-----
Timestamp: 2025-06-10 19:05:17
Node ID: drone[1]
Signed Data (first 50 bytes): -178-7-2062
Signature: QCA-SIG-drone[1]-a392b2746b0ef88f
-----END SIGNATURE RECORD-----

-----VERIFICATION RECORD-----
Timestamp: 2025-06-10 19:05:21
Node ID: drone[1]
Signature: QCA-SIG-drone[1]-a392b2746b0ef88f
Verification Result: VALID
-----END VERIFICATION RECORD-----

-----VERIFICATION RECORD-----
Timestamp: 2025-06-10 19:05:21
Node ID: drone[1]
Signature: QCA-SIG-drone[1]-a392b2746b0ef88f
Verification Result: VALID
-----END VERIFICATION RECORD-----

-----NEW SIGNATURE RECORD-----
Timestamp: 2025-06-10 19:06:24
Node ID: drone[1]
Signed Data (first 50 bytes): -178-7-2800
Signature: QCA-SIG-drone[1]-b582b5d719663aa0
-----END SIGNATURE RECORD-----

-----VERIFICATION RECORD-----
Timestamp: 2025-06-10 19:06:29
Node ID: drone[1]
Signature: QCA-SIG-drone[1]-b582b5d719663aa0
Verification Result: VALID
-----END VERIFICATION RECORD-----

-----VERIFICATION RECORD-----
Timestamp: 2025-06-10 19:06:29
Node ID: drone[1]
Signature: QCA-SIG-drone[1]-b582b5d719663aa0
Verification Result: VALID
-----END VERIFICATION RECORD-----

-----NEW SIGNATURE RECORD-----
Timestamp: 2025-06-10 19:13:31
Node ID: drone[1]
Signed Data (first 50 bytes): -178-7-528
Signature: QCA-SIG-drone[1]-ca81b226c4340c3f
-----END SIGNATURE RECORD-----

-----VERIFICATION RECORD-----
Timestamp: 2025-06-10 19:13:36
Node ID: drone[1]
Signature: QCA-SIG-drone[1]-ca81b226c4340c3f
Verification Result: VALID
-----END VERIFICATION RECORD-----

-----VERIFICATION RECORD-----
Timestamp: 2025-06-10 19:13:36
Node ID: drone[1]
Signature: QCA-SIG-drone[1]-ca81b226c4340c3f
Verification Result: VALID
-----END VERIFICATION RECORD-----

-----NEW SIGNATURE RECORD-----
Timestamp: 2025-06-10 19:14:34
Node ID: drone[1]
Signed Data (first 50 bytes): -178-7-1203
Signature: QCA-SIG-drone[1]-c35d33819f553c13
-----END SIGNATURE RECORD-----

-----VERIFICATION RECORD-----
Timestamp: 2025-06-10 19:14:38
Node ID: drone[1]
Signature: QCA-SIG-drone[1]-c35d33819f553c13
Verification Result: VALID
-----END VERIFICATION RECORD-----

-----VERIFICATION RECORD-----
Timestamp: 2025-06-10 19:14:38
Node ID: drone[1]
Signature: QCA-SIG-drone[1]-c35d33819f553c13
Verification Result: VALID
-----END VERIFICATION RECORD-----

-----NEW SIGNATURE RECORD-----
Timestamp: 2025-06-10 19:23:52
Node ID: drone[1]
Signed Data (first 50 bytes): -178-7-528
Signature: QCA-SIG-drone[1]-ca81b226c4340c3f
-----END SIGNATURE RECORD-----

-----VERIFICATION RECORD-----
Timestamp: 2025-06-10 19:23:56
Node ID: drone[1]
Signature: QCA-SIG-drone[1]-ca81b226c4340c3f
Verification Result: VALID
-----END VERIFICATION RECORD-----

-----VERIFICATION RECORD-----
Timestamp: 2025-06-10 19:23:57
Node ID: drone[1]
Signature: QCA-SIG-drone[1]-ca81b226c4340c3f
Verification Result: VALID
-----END VERIFICATION RECORD-----

-----NEW SIGNATURE RECORD-----
Timestamp: 2025-06-10 19:24:51
Node ID: drone[1]
Signed Data (first 50 bytes): -178-7-1203
Signature: QCA-SIG-drone[1]-c35d33819f553c13
-----END SIGNATURE RECORD-----

-----VERIFICATION RECORD-----
Timestamp: 2025-06-10 19:24:54
Node ID: drone[1]
Signature: QCA-SIG-drone[1]-c35d33819f553c13
Verification Result: VALID
-----END VERIFICATION RECORD-----

-----VERIFICATION RECORD-----
Timestamp: 2025-06-10 19:24:55
Node ID: drone[1]
Signature: QCA-SIG-drone[1]-c35d33819f553c13
Verification Result: VALID
-----END VERIFICATION RECORD-----

-----NEW SIGNATURE RECORD-----
Timestamp: 2025-06-10 19:26:09
Node ID: drone[1]
Signed Data (first 50 bytes): -178-7-2062
Signature: QCA-SIG-drone[1]-a392b2746b0ef88f
-----END SIGNATURE RECORD-----

-----VERIFICATION RECORD-----
Timestamp: 2025-06-10 19:26:13
Node ID: drone[1]
Signature: QCA-SIG-drone[1]-a392b2746b0ef88f
Verification Result: VALID
-----END VERIFICATION RECORD-----

-----VERIFICATION RECORD-----
Timestamp: 2025-06-10 19:26:13
Node ID: drone[1]
Signature: QCA-SIG-drone[1]-a392b2746b0ef88f
Verification Result: VALID
-----END VERIFICATION RECORD-----

-----NEW SIGNATURE RECORD-----
Timestamp: 2025-06-10 19:27:11
Node ID: drone[1]
Signed Data (first 50 bytes): -178-7-2800
Signature: QCA-SIG-drone[1]-b582b5d719663aa0
-----END SIGNATURE RECORD-----

-----VERIFICATION RECORD-----
Timestamp: 2025-06-10 19:27:15
Node ID: drone[1]
Signature: QCA-SIG-drone[1]-b582b5d719663aa0
Verification Result: VALID
-----END VERIFICATION RECORD-----

-----VERIFICATION RECORD-----
Timestamp: 2025-06-10 19:27:15
Node ID: drone[1]
Signature: QCA-SIG-drone[1]-b582b5d719663aa0
Verification Result: VALID
-----END VERIFICATION RECORD-----

-----NEW SIGNATURE RECORD-----
Timestamp: 2025-06-10 19:31:36
Node ID: drone[1]
Signed Data (first 50 bytes): -178-7-528
Signature: QCA-SIG-drone[1]-ca81b226c4340c3f
-----END SIGNATURE RECORD-----

-----VERIFICATION RECORD-----
Timestamp: 2025-06-10 19:31:41
Node ID: drone[1]
Signature: QCA-SIG-drone[1]-ca81b226c4340c3f
Verification Result: VALID
-----END VERIFICATION RECORD-----

-----VERIFICATION RECORD-----
Timestamp: 2025-06-10 19:31:41
Node ID: drone[1]
Signature: QCA-SIG-drone[1]-ca81b226c4340c3f
Verification Result: VALID
-----END VERIFICATION RECORD-----

-----NEW SIGNATURE RECORD-----
Timestamp: 2025-06-10 19:33:00
Node ID: drone[1]
Signed Data (first 50 bytes): -178-7-1203
Signature: QCA-SIG-drone[1]-c35d33819f553c13
-----END SIGNATURE RECORD-----

-----VERIFICATION RECORD-----
Timestamp: 2025-06-10 19:33:04
Node ID: drone[1]
Signature: QCA-SIG-drone[1]-c35d33819f553c13
Verification Result: VALID
-----END VERIFICATION RECORD-----

-----VERIFICATION RECORD-----
Timestamp: 2025-06-10 19:33:04
Node ID: drone[1]
Signature: QCA-SIG-drone[1]-c35d33819f553c13
Verification Result: VALID
-----END VERIFICATION RECORD-----

-----NEW SIGNATURE RECORD-----
Timestamp: 2025-06-10 19:34:18
Node ID: drone[1]
Signed Data (first 50 bytes): -178-7-2062
Signature: QCA-SIG-drone[1]-a392b2746b0ef88f
-----END SIGNATURE RECORD-----

-----VERIFICATION RECORD-----
Timestamp: 2025-06-10 19:34:22
Node ID: drone[1]
Signature: QCA-SIG-drone[1]-a392b2746b0ef88f
Verification Result: VALID
-----END VERIFICATION RECORD-----

-----VERIFICATION RECORD-----
Timestamp: 2025-06-10 19:34:23
Node ID: drone[1]
Signature: QCA-SIG-drone[1]-a392b2746b0ef88f
Verification Result: VALID
-----END VERIFICATION RECORD-----

-----NEW SIGNATURE RECORD-----
Timestamp: 2025-06-10 19:35:26
Node ID: drone[1]
Signed Data (first 50 bytes): -178-7-2800
Signature: QCA-SIG-drone[1]-b582b5d719663aa0
-----END SIGNATURE RECORD-----

-----VERIFICATION RECORD-----
Timestamp: 2025-06-10 19:35:30
Node ID: drone[1]
Signature: QCA-SIG-drone[1]-b582b5d719663aa0
Verification Result: VALID
-----END VERIFICATION RECORD-----

-----VERIFICATION RECORD-----
Timestamp: 2025-06-10 19:35:30
Node ID: drone[1]
Signature: QCA-SIG-drone[1]-b582b5d719663aa0
Verification Result: VALID
-----END VERIFICATION RECORD-----

-----NEW SIGNATURE RECORD-----
Timestamp: 2025-06-10 19:46:19
Node ID: drone[1]
Signed Data (first 50 bytes): -178-7-528
Signature: QCA-SIG-drone[1]-ca81b226c4340c3f
-----END SIGNATURE RECORD-----

-----VERIFICATION RECORD-----
Timestamp: 2025-06-10 19:46:23
Node ID: drone[1]
Signature: QCA-SIG-drone[1]-ca81b226c4340c3f
Verification Result: VALID
-----END VERIFICATION RECORD-----

-----VERIFICATION RECORD-----
Timestamp: 2025-06-10 19:46:23
Node ID: drone[1]
Signature: QCA-SIG-drone[1]-ca81b226c4340c3f
Verification Result: VALID
-----END VERIFICATION RECORD-----

-----NEW SIGNATURE RECORD-----
Timestamp: 2025-06-10 19:47:29
Node ID: drone[1]
Signed Data (first 50 bytes): -178-7-1203
Signature: QCA-SIG-drone[1]-c35d33819f553c13
-----END SIGNATURE RECORD-----

-----VERIFICATION RECORD-----
Timestamp: 2025-06-10 19:47:33
Node ID: drone[1]
Signature: QCA-SIG-drone[1]-c35d33819f553c13
Verification Result: VALID
-----END VERIFICATION RECORD-----

-----VERIFICATION RECORD-----
Timestamp: 2025-06-10 19:47:33
Node ID: drone[1]
Signature: QCA-SIG-drone[1]-c35d33819f553c13
Verification Result: VALID
-----END VERIFICATION RECORD-----

-----NEW SIGNATURE RECORD-----
Timestamp: 2025-06-10 19:49:30
Node ID: drone[1]
Signed Data (first 50 bytes): -178-7-2062
Signature: QCA-SIG-drone[1]-a392b2746b0ef88f
-----END SIGNATURE RECORD-----

-----VERIFICATION RECORD-----
Timestamp: 2025-06-10 19:49:34
Node ID: drone[1]
Signature: QCA-SIG-drone[1]-a392b2746b0ef88f
Verification Result: VALID
-----END VERIFICATION RECORD-----

-----VERIFICATION RECORD-----
Timestamp: 2025-06-10 19:49:34
Node ID: drone[1]
Signature: QCA-SIG-drone[1]-a392b2746b0ef88f
Verification Result: VALID
-----END VERIFICATION RECORD-----

-----NEW SIGNATURE RECORD-----
Timestamp: 2025-06-10 19:50:44
Node ID: drone[1]
Signed Data (first 50 bytes): -178-7-2800
Signature: QCA-SIG-drone[1]-b582b5d719663aa0
-----END SIGNATURE RECORD-----

-----VERIFICATION RECORD-----
Timestamp: 2025-06-10 19:50:48
Node ID: drone[1]
Signature: QCA-SIG-drone[1]-b582b5d719663aa0
Verification Result: VALID
-----END VERIFICATION RECORD-----

-----VERIFICATION RECORD-----
Timestamp: 2025-06-10 19:50:48
Node ID: drone[1]
Signature: QCA-SIG-drone[1]-b582b5d719663aa0
Verification Result: VALID
-----END VERIFICATION RECORD-----

-----NEW SIGNATURE RECORD-----
Timestamp: 2025-06-10 20:00:17
Node ID: drone[1]
Signed Data (first 50 bytes): -178-7-528
Signature: QCA-SIG-drone[1]-ca81b226c4340c3f
-----END SIGNATURE RECORD-----

-----VERIFICATION RECORD-----
Timestamp: 2025-06-10 20:00:21
Node ID: drone[1]
Signature: QCA-SIG-drone[1]-ca81b226c4340c3f
Verification Result: VALID
-----END VERIFICATION RECORD-----

-----VERIFICATION RECORD-----
Timestamp: 2025-06-10 20:00:21
Node ID: drone[1]
Signature: QCA-SIG-drone[1]-ca81b226c4340c3f
Verification Result: VALID
-----END VERIFICATION RECORD-----

-----NEW SIGNATURE RECORD-----
Timestamp: 2025-06-10 20:01:38
Node ID: drone[1]
Signed Data (first 50 bytes): -178-7-1203
Signature: QCA-SIG-drone[1]-c35d33819f553c13
-----END SIGNATURE RECORD-----

-----VERIFICATION RECORD-----
Timestamp: 2025-06-10 20:01:42
Node ID: drone[1]
Signature: QCA-SIG-drone[1]-c35d33819f553c13
Verification Result: VALID
-----END VERIFICATION RECORD-----

-----VERIFICATION RECORD-----
Timestamp: 2025-06-10 20:01:42
Node ID: drone[1]
Signature: QCA-SIG-drone[1]-c35d33819f553c13
Verification Result: VALID
-----END VERIFICATION RECORD-----

-----NEW SIGNATURE RECORD-----
Timestamp: 2025-06-10 20:31:04
Node ID: drone[1]
Signed Data (first 50 bytes): -178-7-528
Signature: QCA-SIG-drone[1]-ca81b226c4340c3f
-----END SIGNATURE RECORD-----

-----VERIFICATION RECORD-----
Timestamp: 2025-06-10 20:31:08
Node ID: drone[1]
Signature: QCA-SIG-drone[1]-ca81b226c4340c3f
Verification Result: VALID
-----END VERIFICATION RECORD-----

-----VERIFICATION RECORD-----
Timestamp: 2025-06-10 20:31:08
Node ID: drone[1]
Signature: QCA-SIG-drone[1]-ca81b226c4340c3f
Verification Result: VALID
-----END VERIFICATION RECORD-----

-----NEW SIGNATURE RECORD-----
Timestamp: 2025-06-10 20:31:56
Node ID: drone[1]
Signed Data (first 50 bytes): -178-7-1203
Signature: QCA-SIG-drone[1]-c35d33819f553c13
-----END SIGNATURE RECORD-----

-----VERIFICATION RECORD-----
Timestamp: 2025-06-10 20:32:00
Node ID: drone[1]
Signature: QCA-SIG-drone[1]-c35d33819f553c13
Verification Result: VALID
-----END VERIFICATION RECORD-----

-----VERIFICATION RECORD-----
Timestamp: 2025-06-10 20:32:00
Node ID: drone[1]
Signature: QCA-SIG-drone[1]-c35d33819f553c13
Verification Result: VALID
-----END VERIFICATION RECORD-----

-----NEW SIGNATURE RECORD-----
Timestamp: 2025-06-10 20:33:04
Node ID: drone[1]
Signed Data (first 50 bytes): -178-7-2062
Signature: QCA-SIG-drone[1]-a392b2746b0ef88f
-----END SIGNATURE RECORD-----

-----VERIFICATION RECORD-----
Timestamp: 2025-06-10 20:33:08
Node ID: drone[1]
Signature: QCA-SIG-drone[1]-a392b2746b0ef88f
Verification Result: VALID
-----END VERIFICATION RECORD-----

-----VERIFICATION RECORD-----
Timestamp: 2025-06-10 20:33:08
Node ID: drone[1]
Signature: QCA-SIG-drone[1]-a392b2746b0ef88f
Verification Result: VALID
-----END VERIFICATION RECORD-----

-----NEW SIGNATURE RECORD-----
Timestamp: 2025-06-10 20:34:00
Node ID: drone[1]
Signed Data (first 50 bytes): -178-7-2800
Signature: QCA-SIG-drone[1]-b582b5d719663aa0
-----END SIGNATURE RECORD-----

-----VERIFICATION RECORD-----
Timestamp: 2025-06-10 20:34:04
Node ID: drone[1]
Signature: QCA-SIG-drone[1]-b582b5d719663aa0
Verification Result: VALID
-----END VERIFICATION RECORD-----

-----VERIFICATION RECORD-----
Timestamp: 2025-06-10 20:34:04
Node ID: drone[1]
Signature: QCA-SIG-drone[1]-b582b5d719663aa0
Verification Result: VALID
-----END VERIFICATION RECORD-----

-----NEW SIGNATURE RECORD-----
Timestamp: 2025-06-10 20:35:33
Node ID: drone[1]
Signed Data (first 50 bytes): -178-7-3927
Signature: QCA-SIG-drone[1]-0deeca133dfccc8b
-----END SIGNATURE RECORD-----

-----VERIFICATION RECORD-----
Timestamp: 2025-06-10 20:35:37
Node ID: drone[1]
Signature: QCA-SIG-drone[1]-0deeca133dfccc8b
Verification Result: VALID
-----END VERIFICATION RECORD-----

-----VERIFICATION RECORD-----
Timestamp: 2025-06-10 20:35:37
Node ID: drone[1]
Signature: QCA-SIG-drone[1]-0deeca133dfccc8b
Verification Result: VALID
-----END VERIFICATION RECORD-----

-----NEW SIGNATURE RECORD-----
Timestamp: 2025-06-10 20:36:21
Node ID: drone[1]
Signed Data (first 50 bytes): -178-7-4541
Signature: QCA-SIG-drone[1]-21a179abd4bef64b
-----END SIGNATURE RECORD-----

-----VERIFICATION RECORD-----
Timestamp: 2025-06-10 20:36:25
Node ID: drone[1]
Signature: QCA-SIG-drone[1]-21a179abd4bef64b
Verification Result: VALID
-----END VERIFICATION RECORD-----

-----VERIFICATION RECORD-----
Timestamp: 2025-06-10 20:36:25
Node ID: drone[1]
Signature: QCA-SIG-drone[1]-21a179abd4bef64b
Verification Result: VALID
-----END VERIFICATION RECORD-----

-----NEW SIGNATURE RECORD-----
Timestamp: 2025-06-10 20:37:32
Node ID: drone[1]
Signed Data (first 50 bytes): -178-7-5410
Signature: QCA-SIG-drone[1]-3028b9558824c05f
-----END SIGNATURE RECORD-----

-----VERIFICATION RECORD-----
Timestamp: 2025-06-10 20:37:36
Node ID: drone[1]
Signature: QCA-SIG-drone[1]-3028b9558824c05f
Verification Result: VALID
-----END VERIFICATION RECORD-----

-----VERIFICATION RECORD-----
Timestamp: 2025-06-10 20:37:36
Node ID: drone[1]
Signature: QCA-SIG-drone[1]-3028b9558824c05f
Verification Result: VALID
-----END VERIFICATION RECORD-----

-----NEW SIGNATURE RECORD-----
Timestamp: 2025-06-10 20:38:39
Node ID: drone[1]
Signed Data (first 50 bytes): -178-7-6227
Signature: QCA-SIG-drone[1]-7c9d8a9f9421bdea
-----END SIGNATURE RECORD-----

-----VERIFICATION RECORD-----
Timestamp: 2025-06-10 20:38:43
Node ID: drone[1]
Signature: QCA-SIG-drone[1]-7c9d8a9f9421bdea
Verification Result: VALID
-----END VERIFICATION RECORD-----

-----VERIFICATION RECORD-----
Timestamp: 2025-06-10 20:38:43
Node ID: drone[1]
Signature: QCA-SIG-drone[1]-7c9d8a9f9421bdea
Verification Result: VALID
-----END VERIFICATION RECORD-----

-----NEW SIGNATURE RECORD-----
Timestamp: 2025-06-10 20:57:47
Node ID: drone[1]
Signed Data (first 50 bytes): -178-7-528
Signature: QCA-SIG-drone[1]-ca81b226c4340c3f
-----END SIGNATURE RECORD-----

-----VERIFICATION RECORD-----
Timestamp: 2025-06-10 20:57:51
Node ID: drone[1]
Signature: QCA-SIG-drone[1]-ca81b226c4340c3f
Verification Result: VALID
-----END VERIFICATION RECORD-----

-----VERIFICATION RECORD-----
Timestamp: 2025-06-10 20:57:51
Node ID: drone[1]
Signature: QCA-SIG-drone[1]-ca81b226c4340c3f
Verification Result: VALID
-----END VERIFICATION RECORD-----

-----NEW SIGNATURE RECORD-----
Timestamp: 2025-06-10 21:12:59
Node ID: drone[1]
Signed Data (first 50 bytes): -178-7-528
Signature: QCA-SIG-drone[1]-ca81b226c4340c3f
-----END SIGNATURE RECORD-----

-----VERIFICATION RECORD-----
Timestamp: 2025-06-10 21:13:03
Node ID: drone[1]
Signature: QCA-SIG-drone[1]-ca81b226c4340c3f
Verification Result: VALID
-----END VERIFICATION RECORD-----

-----VERIFICATION RECORD-----
Timestamp: 2025-06-10 21:13:03
Node ID: drone[1]
Signature: QCA-SIG-drone[1]-ca81b226c4340c3f
Verification Result: VALID
-----END VERIFICATION RECORD-----

-----NEW SIGNATURE RECORD-----
Timestamp: 2025-06-10 21:14:31
Node ID: drone[1]
Signed Data (first 50 bytes): -178-7-1203
Signature: QCA-SIG-drone[1]-c35d33819f553c13
-----END SIGNATURE RECORD-----

-----VERIFICATION RECORD-----
Timestamp: 2025-06-10 21:14:36
Node ID: drone[1]
Signature: QCA-SIG-drone[1]-c35d33819f553c13
Verification Result: VALID
-----END VERIFICATION RECORD-----

-----VERIFICATION RECORD-----
Timestamp: 2025-06-10 21:14:36
Node ID: drone[1]
Signature: QCA-SIG-drone[1]-c35d33819f553c13
Verification Result: VALID
-----END VERIFICATION RECORD-----

-----NEW SIGNATURE RECORD-----
Timestamp: 2025-06-10 21:16:37
Node ID: drone[1]
Signed Data (first 50 bytes): -178-7-2046
Signature: QCA-SIG-drone[1]-b9411c0be5515714
-----END SIGNATURE RECORD-----

-----VERIFICATION RECORD-----
Timestamp: 2025-06-10 21:16:42
Node ID: drone[1]
Signature: QCA-SIG-drone[1]-b9411c0be5515714
Verification Result: VALID
-----END VERIFICATION RECORD-----

-----VERIFICATION RECORD-----
Timestamp: 2025-06-10 21:16:42
Node ID: drone[1]
Signature: QCA-SIG-drone[1]-b9411c0be5515714
Verification Result: VALID
-----END VERIFICATION RECORD-----

-----NEW SIGNATURE RECORD-----
Timestamp: 2025-06-10 21:18:23
Node ID: drone[1]
Signed Data (first 50 bytes): -178-7-2765
Signature: QCA-SIG-drone[1]-6e5ca67e4bd8f40f
-----END SIGNATURE RECORD-----

-----VERIFICATION RECORD-----
Timestamp: 2025-06-10 21:18:28
Node ID: drone[1]
Signature: QCA-SIG-drone[1]-6e5ca67e4bd8f40f
Verification Result: VALID
-----END VERIFICATION RECORD-----

-----VERIFICATION RECORD-----
Timestamp: 2025-06-10 21:18:28
Node ID: drone[1]
Signature: QCA-SIG-drone[1]-6e5ca67e4bd8f40f
Verification Result: VALID
-----END VERIFICATION RECORD-----

-----NEW SIGNATURE RECORD-----
Timestamp: 2025-06-10 21:49:16
Node ID: drone[1]
Signed Data (first 50 bytes): -178-7-550
Signature: QCA-SIG-drone[1]-0ef83673ae1a9b6c
-----END SIGNATURE RECORD-----

-----NEW SIGNATURE RECORD-----
Timestamp: 2025-06-10 21:53:19
Node ID: drone[1]
Signed Data (first 50 bytes): -178-7-554
Signature: QCA-SIG-drone[1]-c0411d359d2f34be
-----END SIGNATURE RECORD-----

-----NEW SIGNATURE RECORD-----
Timestamp: 2025-06-11 11:02:52
Node ID: drone[1]
Signed Data (first 50 bytes): -178-7-1732
Signature: QCA-SIG-drone[1]-e3d7eed02b2b95b6
-----END SIGNATURE RECORD-----

