-----NEW SIGNATURE RECORD-----
Timestamp: 2025-06-10 17:30:08
Node ID: ship[0]
Signed Data (first 50 bytes): -178-7-1867
Signature: QCA-SIG-ship[0]-ad47f0d2d68451f7
-----END SIGNATURE RECORD-----

-----NEW SIGNATURE RECORD-----
Timestamp: 2025-06-10 19:04:08
Node ID: ship[0]
Signed Data (first 50 bytes): -178-7-1291
Signature: QCA-SIG-ship[0]-2f2d77e89ce83705
-----END SIGNATURE RECORD-----

-----NEW SIGNATURE RECORD-----
Timestamp: 2025-06-10 19:14:44
Node ID: ship[0]
Signed Data (first 50 bytes): -178-7-1291
Signature: QCA-SIG-ship[0]-2f2d77e89ce83705
-----END SIGNATURE RECORD-----

-----NEW SIGNATURE RECORD-----
Timestamp: 2025-06-10 19:25:00
Node ID: ship[0]
Signed Data (first 50 bytes): -178-7-1291
Signature: QCA-SIG-ship[0]-2f2d77e89ce83705
-----END SIGNATURE RECORD-----

-----NEW SIGNATURE RECORD-----
Timestamp: 2025-06-10 19:33:10
Node ID: ship[0]
Signed Data (first 50 bytes): -178-7-1291
Signature: QCA-SIG-ship[0]-2f2d77e89ce83705
-----END SIGNATURE RECORD-----

-----NEW SIGNATURE RECORD-----
Timestamp: 2025-06-10 19:47:40
Node ID: ship[0]
Signed Data (first 50 bytes): -178-7-1291
Signature: QCA-SIG-ship[0]-2f2d77e89ce83705
-----END SIGNATURE RECORD-----

-----NEW SIGNATURE RECORD-----
Timestamp: 2025-06-10 20:32:05
Node ID: ship[0]
Signed Data (first 50 bytes): -178-7-1291
Signature: QCA-SIG-ship[0]-2f2d77e89ce83705
-----END SIGNATURE RECORD-----

-----NEW SIGNATURE RECORD-----
Timestamp: 2025-06-10 20:36:26
Node ID: ship[0]
Signed Data (first 50 bytes): -178-7-4590
Signature: QCA-SIG-ship[0]-4d78d91906ef959e
-----END SIGNATURE RECORD-----

-----NEW SIGNATURE RECORD-----
Timestamp: 2025-06-10 21:14:46
Node ID: ship[0]
Signed Data (first 50 bytes): -178-7-1291
Signature: QCA-SIG-ship[0]-2f2d77e89ce83705
-----END SIGNATURE RECORD-----

