-----NEW SIGNATURE RECORD-----
Timestamp: 2025-06-10 19:04:22
Node ID: rsu[1]
Signed Data (first 50 bytes): -178-7-1449
Signature: QCA-SIG-rsu[1]-b4eaa2ce06a60f1c
-----END SIGNATURE RECORD-----

-----NEW SIGNATURE RECORD-----
Timestamp: 2025-06-10 19:14:58
Node ID: rsu[1]
Signed Data (first 50 bytes): -178-7-1449
Signature: QCA-SIG-rsu[1]-b4eaa2ce06a60f1c
-----END SIGNATURE RECORD-----

-----NEW SIGNATURE RECORD-----
Timestamp: 2025-06-10 19:25:16
Node ID: rsu[1]
Signed Data (first 50 bytes): -178-7-1449
Signature: QCA-SIG-rsu[1]-b4eaa2ce06a60f1c
-----END SIGNATURE RECORD-----

-----NEW SIGNATURE RECORD-----
Timestamp: 2025-06-10 19:27:25
Node ID: rsu[1]
Signed Data (first 50 bytes): -178-7-2973
Signature: QCA-SIG-rsu[1]-d1b2f17e18d0fbd0
-----END SIGNATURE RECORD-----

-----NEW SIGNATURE RECORD-----
Timestamp: 2025-06-10 19:33:25
Node ID: rsu[1]
Signed Data (first 50 bytes): -178-7-1449
Signature: QCA-SIG-rsu[1]-b4eaa2ce06a60f1c
-----END SIGNATURE RECORD-----

-----NEW SIGNATURE RECORD-----
Timestamp: 2025-06-10 19:35:41
Node ID: rsu[1]
Signed Data (first 50 bytes): -178-7-2973
Signature: QCA-SIG-rsu[1]-d1b2f17e18d0fbd0
-----END SIGNATURE RECORD-----

-----NEW SIGNATURE RECORD-----
Timestamp: 2025-06-10 19:48:02
Node ID: rsu[1]
Signed Data (first 50 bytes): -178-7-1449
Signature: QCA-SIG-rsu[1]-b4eaa2ce06a60f1c
-----END SIGNATURE RECORD-----

-----NEW SIGNATURE RECORD-----
Timestamp: 2025-06-10 19:51:01
Node ID: rsu[1]
Signed Data (first 50 bytes): -178-7-2973
Signature: QCA-SIG-rsu[1]-d1b2f17e18d0fbd0
-----END SIGNATURE RECORD-----

-----NEW SIGNATURE RECORD-----
Timestamp: 2025-06-10 20:32:18
Node ID: rsu[1]
Signed Data (first 50 bytes): -178-7-1449
Signature: QCA-SIG-rsu[1]-b4eaa2ce06a60f1c
-----END SIGNATURE RECORD-----

-----NEW SIGNATURE RECORD-----
Timestamp: 2025-06-10 20:34:15
Node ID: rsu[1]
Signed Data (first 50 bytes): -178-7-2973
Signature: QCA-SIG-rsu[1]-d1b2f17e18d0fbd0
-----END SIGNATURE RECORD-----

-----NEW SIGNATURE RECORD-----
Timestamp: 2025-06-10 20:36:38
Node ID: rsu[1]
Signed Data (first 50 bytes): -178-7-4752
Signature: QCA-SIG-rsu[1]-c806ea5709941fc0
-----END SIGNATURE RECORD-----

-----NEW SIGNATURE RECORD-----
Timestamp: 2025-06-10 21:15:09
Node ID: rsu[1]
Signed Data (first 50 bytes): -178-7-1449
Signature: QCA-SIG-rsu[1]-b4eaa2ce06a60f1c
-----END SIGNATURE RECORD-----

